2018-03-05 09:30:02.843 INFO [restartedMain][StartupInfoLogger.java:48] - Starting Application on PC-201707072145 with PID 2900 (D:\phpStudy\WWW\dafeng\target\classes started by Administrator in D:\phpStudy\WWW\dafeng)s
2018-03-05 09:30:02.860 INFO [restartedMain][SpringApplication.java:666] - The following profiles are active: devs
2018-03-05 09:30:03.016 INFO [background-preinit][Version.java:30] - HV000001: Hibernate Validator 5.2.5.Finals
2018-03-05 09:30:03.263 INFO [restartedMain][AbstractApplicationContext.java:582] - Refreshing org.springframework.boot.context.embedded.AnnotationConfigEmbeddedWebApplicationContext@52528c32: startup date [Mon Mar 05 09:30:03 CST 2018]; root of context hierarchys
2018-03-05 09:30:05.971 INFO [restartedMain][RepositoryConfigurationDelegate.java:170] - Multiple Spring Data modules found, entering strict repository configuration mode!s
2018-03-05 09:30:09.855 INFO [restartedMain][RepositoryConfigurationDelegate.java:170] - Multiple Spring Data modules found, entering strict repository configuration mode!s
2018-03-05 09:30:10.363 INFO [restartedMain][RepositoryConfigurationExtensionSupport.java:283] - Spring Data Redis - Could not safely identify store assignment for repository candidate interface com.liyang.domain.timgroup.TIMGroupRepository.s
2018-03-05 09:30:10.364 INFO [restartedMain][RepositoryConfigurationExtensionSupport.java:283] - Spring Data Redis - Could not safely identify store assignment for repository candidate interface com.liyang.domain.dafengapi.DafengApiCustomerLogRepository.s
2018-03-05 09:30:10.365 INFO [restartedMain][RepositoryConfigurationExtensionSupport.java:283] - Spring Data Redis - Could not safely identify store assignment for repository candidate interface com.liyang.domain.department.DepartmentActRepository.s
2018-03-05 09:30:10.366 INFO [restartedMain][RepositoryConfigurationExtensionSupport.java:283] - Spring Data Redis - Could not safely identify store assignment for repository candidate interface com.liyang.domain.address.AddressLogRepository.s
2018-03-05 09:30:10.368 INFO [restartedMain][RepositoryConfigurationExtensionSupport.java:283] - Spring Data Redis - Could not safely identify store assignment for repository candidate interface com.liyang.domain.user.UserStateRepository.s
2018-03-05 09:30:10.369 INFO [restartedMain][RepositoryConfigurationExtensionSupport.java:283] - Spring Data Redis - Could not safely identify store assignment for repository candidate interface com.liyang.domain.insuranceresult.InsuranceResultFileRepository.s
2018-03-05 09:30:10.371 INFO [restartedMain][RepositoryConfigurationExtensionSupport.java:283] - Spring Data Redis - Could not safely identify store assignment for repository candidate interface com.liyang.domain.timgroup.TIMGroupStateRepository.s
2018-03-05 09:30:10.371 INFO [restartedMain][RepositoryConfigurationExtensionSupport.java:283] - Spring Data Redis - Could not safely identify store assignment for repository candidate interface com.liyang.domain.identify.IdentifyRepository.s
2018-03-05 09:30:10.372 INFO [restartedMain][RepositoryConfigurationExtensionSupport.java:283] - Spring Data Redis - Could not safely identify store assignment for repository candidate interface com.liyang.domain.product.ProductStateRepository.s
2018-03-05 09:30:10.374 INFO [restartedMain][RepositoryConfigurationExtensionSupport.java:283] - Spring Data Redis - Could not safely identify store assignment for repository candidate interface com.liyang.domain.productcompany.ProductCompanyRepository.s
2018-03-05 09:30:10.375 INFO [restartedMain][RepositoryConfigurationExtensionSupport.java:283] - Spring Data Redis - Could not safely identify store assignment for repository candidate interface com.liyang.domain.insuranceresult.InsuranceResultActRepository.s
2018-03-05 09:30:10.377 INFO [restartedMain][RepositoryConfigurationExtensionSupport.java:283] - Spring Data Redis - Could not safely identify store assignment for repository candidate interface com.liyang.domain.insuranceresult.InsuranceResultRepository.s
2018-03-05 09:30:10.378 INFO [restartedMain][RepositoryConfigurationExtensionSupport.java:283] - Spring Data Redis - Could not safely identify store assignment for repository candidate interface com.liyang.domain.perbusinesscard.PerBusinessCardLogRepository.s
2018-03-05 09:30:10.379 INFO [restartedMain][RepositoryConfigurationExtensionSupport.java:283] - Spring Data Redis - Could not safely identify store assignment for repository candidate interface com.liyang.domain.upgradeapply.UpgradeApplyRepository.s
2018-03-05 09:30:10.379 INFO [restartedMain][RepositoryConfigurationExtensionSupport.java:283] - Spring Data Redis - Could not safely identify store assignment for repository candidate interface com.liyang.domain.authority.AuthorityRepository.s
2018-03-05 09:30:10.380 INFO [restartedMain][RepositoryConfigurationExtensionSupport.java:283] - Spring Data Redis - Could not safely identify store assignment for repository candidate interface com.liyang.domain.exception.ExceptionRepository.s
2018-03-05 09:30:10.381 INFO [restartedMain][RepositoryConfigurationExtensionSupport.java:283] - Spring Data Redis - Could not safely identify store assignment for repository candidate interface com.liyang.domain.role.RoleStateRepository.s
2018-03-05 09:30:10.382 INFO [restartedMain][RepositoryConfigurationExtensionSupport.java:283] - Spring Data Redis - Could not safely identify store assignment for repository candidate interface com.liyang.domain.department.DepartmentLogRepository.s
2018-03-05 09:30:10.384 INFO [restartedMain][RepositoryConfigurationExtensionSupport.java:283] - Spring Data Redis - Could not safely identify store assignment for repository candidate interface com.liyang.domain.createenquiry.CreateEnquiryLogRepository.s
2018-03-05 09:30:10.385 INFO [restartedMain][RepositoryConfigurationExtensionSupport.java:283] - Spring Data Redis - Could not safely identify store assignment for repository candidate interface com.liyang.domain.claimPolicyRewards.ClaimPolicyRewardStateRepository.s
2018-03-05 09:30:10.387 INFO [restartedMain][RepositoryConfigurationExtensionSupport.java:283] - Spring Data Redis - Could not safely identify store assignment for repository candidate interface com.liyang.domain.teamobjective.TeamObjectiveRepository.s
2018-03-05 09:30:10.388 INFO [restartedMain][RepositoryConfigurationExtensionSupport.java:283] - Spring Data Redis - Could not safely identify store assignment for repository candidate interface com.liyang.domain.departmenttype.DepartmenttypeLogRepository.s
2018-03-05 09:30:10.389 INFO [restartedMain][RepositoryConfigurationExtensionSupport.java:283] - Spring Data Redis - Could not safely identify store assignment for repository candidate interface com.liyang.domain.perbusinesscard.PerDetailsRepository.s
2018-03-05 09:30:10.389 INFO [restartedMain][RepositoryConfigurationExtensionSupport.java:283] - Spring Data Redis - Could not safely identify store assignment for repository candidate interface com.liyang.domain.querylatestpolicy.QueryLatestPolicyRepository.s
2018-03-05 09:30:10.391 INFO [restartedMain][RepositoryConfigurationExtensionSupport.java:283] - Spring Data Redis - Could not safely identify store assignment for repository candidate interface com.liyang.domain.submitproposal.SubmitProposalFileRepository.s
2018-03-05 09:30:10.392 INFO [restartedMain][RepositoryConfigurationExtensionSupport.java:283] - Spring Data Redis - Could not safely identify store assignment for repository candidate interface com.liyang.domain.product.ProductRepository.s
2018-03-05 09:30:10.393 INFO [restartedMain][RepositoryConfigurationExtensionSupport.java:283] - Spring Data Redis - Could not safely identify store assignment for repository candidate interface com.liyang.domain.salesman.SalesmanStateRepository.s
2018-03-05 09:30:10.394 INFO [restartedMain][RepositoryConfigurationExtensionSupport.java:283] - Spring Data Redis - Could not safely identify store assignment for repository candidate interface com.liyang.domain.insuranceresult.InsuranceResultLogRepository.s
2018-03-05 09:30:10.396 INFO [restartedMain][RepositoryConfigurationExtensionSupport.java:283] - Spring Data Redis - Could not safely identify store assignment for repository candidate interface com.liyang.domain.department.DepartmentRepository.s
2018-03-05 09:30:10.397 INFO [restartedMain][RepositoryConfigurationExtensionSupport.java:283] - Spring Data Redis - Could not safely identify store assignment for repository candidate interface com.liyang.domain.user.UserFileRepository.s
2018-03-05 09:30:10.398 INFO [restartedMain][RepositoryConfigurationExtensionSupport.java:283] - Spring Data Redis - Could not safely identify store assignment for repository candidate interface com.liyang.domain.moments.MomentsRepository.s
2018-03-05 09:30:10.399 INFO [restartedMain][RepositoryConfigurationExtensionSupport.java:283] - Spring Data Redis - Could not safely identify store assignment for repository candidate interface com.liyang.domain.moments.MomentsStateRepository.s
2018-03-05 09:30:10.400 INFO [restartedMain][RepositoryConfigurationExtensionSupport.java:283] - Spring Data Redis - Could not safely identify store assignment for repository candidate interface com.liyang.domain.otherInsure.OtherInsureActRepository.s
2018-03-05 09:30:10.401 INFO [restartedMain][RepositoryConfigurationExtensionSupport.java:283] - Spring Data Redis - Could not safely identify store assignment for repository candidate interface com.liyang.domain.role.RoleActRepository.s
2018-03-05 09:30:10.402 INFO [restartedMain][RepositoryConfigurationExtensionSupport.java:283] - Spring Data Redis - Could not safely identify store assignment for repository candidate interface com.liyang.domain.menu.MenuStateRepository.s
2018-03-05 09:30:10.403 INFO [restartedMain][RepositoryConfigurationExtensionSupport.java:283] - Spring Data Redis - Could not safely identify store assignment for repository candidate interface com.liyang.domain.banner.BannerRepository.s
2018-03-05 09:30:10.404 INFO [restartedMain][RepositoryConfigurationExtensionSupport.java:283] - Spring Data Redis - Could not safely identify store assignment for repository candidate interface com.liyang.domain.product.ProductActRepository.s
2018-03-05 09:30:10.405 INFO [restartedMain][RepositoryConfigurationExtensionSupport.java:283] - Spring Data Redis - Could not safely identify store assignment for repository candidate interface com.liyang.domain.dafengapi.DafengApiCustomerActRepository.s
2018-03-05 09:30:10.406 INFO [restartedMain][RepositoryConfigurationExtensionSupport.java:283] - Spring Data Redis - Could not safely identify store assignment for repository candidate interface com.liyang.domain.department.DepartmentStateRepository.s
2018-03-05 09:30:10.407 INFO [restartedMain][RepositoryConfigurationExtensionSupport.java:283] - Spring Data Redis - Could not safely identify store assignment for repository candidate interface com.liyang.domain.timgroup.TIMGroupLogRepository.s
2018-03-05 09:30:10.408 INFO [restartedMain][RepositoryConfigurationExtensionSupport.java:283] - Spring Data Redis - Could not safely identify store assignment for repository candidate interface com.liyang.domain.banner.BannerActRepository.s
2018-03-05 09:30:10.409 INFO [restartedMain][RepositoryConfigurationExtensionSupport.java:283] - Spring Data Redis - Could not safely identify store assignment for repository candidate interface com.liyang.domain.address.AddressActRepository.s
2018-03-05 09:30:10.411 INFO [restartedMain][RepositoryConfigurationExtensionSupport.java:283] - Spring Data Redis - Could not safely identify store assignment for repository candidate interface com.liyang.domain.menu.MenuRepository.s
2018-03-05 09:30:10.412 INFO [restartedMain][RepositoryConfigurationExtensionSupport.java:283] - Spring Data Redis - Could not safely identify store assignment for repository candidate interface com.liyang.domain.productcompany.ProductCompanyLogRepository.s
2018-03-05 09:30:10.413 INFO [restartedMain][RepositoryConfigurationExtensionSupport.java:283] - Spring Data Redis - Could not safely identify store assignment for repository candidate interface com.liyang.domain.journal.JournalLogRepository.s
2018-03-05 09:30:10.414 INFO [restartedMain][RepositoryConfigurationExtensionSupport.java:283] - Spring Data Redis - Could not safely identify store assignment for repository candidate interface com.liyang.domain.user.UserWorkflowRepository.s
2018-03-05 09:30:10.415 INFO [restartedMain][RepositoryConfigurationExtensionSupport.java:283] - Spring Data Redis - Could not safely identify store assignment for repository candidate interface com.liyang.domain.productcompany.ProductCompanyActRepository.s
2018-03-05 09:30:10.416 INFO [restartedMain][RepositoryConfigurationExtensionSupport.java:283] - Spring Data Redis - Could not safely identify store assignment for repository candidate interface com.liyang.domain.insuranceresult.InsuranceResultWorkflowRepository.s
2018-03-05 09:30:10.417 INFO [restartedMain][RepositoryConfigurationExtensionSupport.java:283] - Spring Data Redis - Could not safely identify store assignment for repository candidate interface com.liyang.domain.salesman.SalesmanLogRepository.s
2018-03-05 09:30:10.418 INFO [restartedMain][RepositoryConfigurationExtensionSupport.java:283] - Spring Data Redis - Could not safely identify store assignment for repository candidate interface com.liyang.domain.claimPolicyRewards.ClaimPolicyRewardLogRepository.s
2018-03-05 09:30:10.419 INFO [restartedMain][RepositoryConfigurationExtensionSupport.java:283] - Spring Data Redis - Could not safely identify store assignment for repository candidate interface com.liyang.domain.address.AddressStateRepository.s
2018-03-05 09:30:10.420 INFO [restartedMain][RepositoryConfigurationExtensionSupport.java:283] - Spring Data Redis - Could not safely identify store assignment for repository candidate interface com.liyang.domain.insurercompany.InsureCompanyStateRepository.s
2018-03-05 09:30:10.421 INFO [restartedMain][RepositoryConfigurationExtensionSupport.java:283] - Spring Data Redis - Could not safely identify store assignment for repository candidate interface com.liyang.domain.webadvertisetype.WebAdvertiseTypeRepository.s
2018-03-05 09:30:10.422 INFO [restartedMain][RepositoryConfigurationExtensionSupport.java:283] - Spring Data Redis - Could not safely identify store assignment for repository candidate interface com.liyang.domain.insuranceresult.InsuranceResultStateRepository.s
2018-03-05 09:30:10.423 INFO [restartedMain][RepositoryConfigurationExtensionSupport.java:283] - Spring Data Redis - Could not safely identify store assignment for repository candidate interface com.liyang.domain.salesman.SalesmanRepository.s
2018-03-05 09:30:10.424 INFO [restartedMain][RepositoryConfigurationExtensionSupport.java:283] - Spring Data Redis - Could not safely identify store assignment for repository candidate interface com.liyang.domain.role.RoleRepository.s
2018-03-05 09:30:10.425 INFO [restartedMain][RepositoryConfigurationExtensionSupport.java:283] - Spring Data Redis - Could not safely identify store assignment for repository candidate interface com.liyang.domain.submitproposal.SubmitProposalRepository.s
2018-03-05 09:30:10.426 INFO [restartedMain][RepositoryConfigurationExtensionSupport.java:283] - Spring Data Redis - Could not safely identify store assignment for repository candidate interface com.liyang.domain.feedback.FeedbackRepository.s
2018-03-05 09:30:10.432 INFO [restartedMain][RepositoryConfigurationExtensionSupport.java:283] - Spring Data Redis - Could not safely identify store assignment for repository candidate interface com.liyang.domain.customer.CustomerLogRepository.s
2018-03-05 09:30:10.433 INFO [restartedMain][RepositoryConfigurationExtensionSupport.java:283] - Spring Data Redis - Could not safely identify store assignment for repository candidate interface com.liyang.domain.teamobjective.TeamObjectiveActRepository.s
2018-03-05 09:30:10.435 INFO [restartedMain][RepositoryConfigurationExtensionSupport.java:283] - Spring Data Redis - Could not safely identify store assignment for repository candidate interface com.liyang.domain.address.AddressRepository.s
2018-03-05 09:30:10.436 INFO [restartedMain][RepositoryConfigurationExtensionSupport.java:283] - Spring Data Redis - Could not safely identify store assignment for repository candidate interface com.liyang.domain.poster.PosterStateRepository.s
2018-03-05 09:30:10.437 INFO [restartedMain][RepositoryConfigurationExtensionSupport.java:283] - Spring Data Redis - Could not safely identify store assignment for repository candidate interface com.liyang.domain.advertise.AdvertiseActRepository.s
2018-03-05 09:30:10.439 INFO [restartedMain][RepositoryConfigurationExtensionSupport.java:283] - Spring Data Redis - Could not safely identify store assignment for repository candidate interface com.liyang.domain.createenquiry.CreateEnquiryRepository.s
2018-03-05 09:30:10.439 INFO [restartedMain][RepositoryConfigurationExtensionSupport.java:283] - Spring Data Redis - Could not safely identify store assignment for repository candidate interface com.liyang.domain.otherinsureinterestperson.OtherInsureInterestPersonRepository.s
2018-03-05 09:30:10.441 INFO [restartedMain][RepositoryConfigurationExtensionSupport.java:283] - Spring Data Redis - Could not safely identify store assignment for repository candidate interface com.liyang.domain.createenquiry.CreateEnquiryActRepository.s
2018-03-05 09:30:10.442 INFO [restartedMain][RepositoryConfigurationExtensionSupport.java:283] - Spring Data Redis - Could not safely identify store assignment for repository candidate interface com.liyang.domain.departmenttype.DepartmenttypeActRepository.s
2018-03-05 09:30:10.443 INFO [restartedMain][RepositoryConfigurationExtensionSupport.java:283] - Spring Data Redis - Could not safely identify store assignment for repository candidate interface com.liyang.domain.dafengapi.DafengApiCustomerRepository.s
2018-03-05 09:30:10.444 INFO [restartedMain][RepositoryConfigurationExtensionSupport.java:283] - Spring Data Redis - Could not safely identify store assignment for repository candidate interface com.liyang.domain.otherInsure.OtherInsureRepository.s
2018-03-05 09:30:10.445 INFO [restartedMain][RepositoryConfigurationExtensionSupport.java:283] - Spring Data Redis - Could not safely identify store assignment for repository candidate interface com.liyang.domain.perbusinesscard.PerBusinessCardActRepository.s
2018-03-05 09:30:10.446 INFO [restartedMain][RepositoryConfigurationExtensionSupport.java:283] - Spring Data Redis - Could not safely identify store assignment for repository candidate interface com.liyang.domain.myinvite.MyInviteRepository.s
2018-03-05 09:30:10.447 INFO [restartedMain][RepositoryConfigurationExtensionSupport.java:283] - Spring Data Redis - Could not safely identify store assignment for repository candidate interface com.liyang.domain.banner.BannerLogRepository.s
2018-03-05 09:30:10.447 INFO [restartedMain][RepositoryConfigurationExtensionSupport.java:283] - Spring Data Redis - Could not safely identify store assignment for repository candidate interface com.liyang.domain.otherInsure.OtherInsureLogRepository.s
2018-03-05 09:30:10.448 INFO [restartedMain][RepositoryConfigurationExtensionSupport.java:283] - Spring Data Redis - Could not safely identify store assignment for repository candidate interface com.liyang.domain.jiandenonlocalidcard.NonlocalIdcardRepository.s
2018-03-05 09:30:10.449 INFO [restartedMain][RepositoryConfigurationExtensionSupport.java:283] - Spring Data Redis - Could not safely identify store assignment for repository candidate interface com.liyang.domain.perbusinesscard.PerBusinessCardStateRepository.s
2018-03-05 09:30:10.450 INFO [restartedMain][RepositoryConfigurationExtensionSupport.java:283] - Spring Data Redis - Could not safely identify store assignment for repository candidate interface com.liyang.domain.team.TeamRepository.s
2018-03-05 09:30:10.451 INFO [restartedMain][RepositoryConfigurationExtensionSupport.java:283] - Spring Data Redis - Could not safely identify store assignment for repository candidate interface com.liyang.domain.insurercompany.InsureCompanyLogRepository.s
2018-03-05 09:30:10.452 INFO [restartedMain][RepositoryConfigurationExtensionSupport.java:283] - Spring Data Redis - Could not safely identify store assignment for repository candidate interface com.liyang.domain.perbusinesscard.PerBusinessCardRepository.s
2018-03-05 09:30:10.453 INFO [restartedMain][RepositoryConfigurationExtensionSupport.java:283] - Spring Data Redis - Could not safely identify store assignment for repository candidate interface com.liyang.domain.querypayment.QueryPayRepository.s
2018-03-05 09:30:10.454 INFO [restartedMain][RepositoryConfigurationExtensionSupport.java:283] - Spring Data Redis - Could not safely identify store assignment for repository candidate interface com.liyang.domain.customer.CustomerWorkflowRepository.s
2018-03-05 09:30:10.455 INFO [restartedMain][RepositoryConfigurationExtensionSupport.java:283] - Spring Data Redis - Could not safely identify store assignment for repository candidate interface com.liyang.domain.poster.PosterActRepository.s
2018-03-05 09:30:10.456 INFO [restartedMain][RepositoryConfigurationExtensionSupport.java:283] - Spring Data Redis - Could not safely identify store assignment for repository candidate interface com.liyang.domain.submitproposal.SubmitProposalActRepository.s
2018-03-05 09:30:10.457 INFO [restartedMain][RepositoryConfigurationExtensionSupport.java:283] - Spring Data Redis - Could not safely identify store assignment for repository candidate interface com.liyang.domain.insurercompany.InsureCompanyRepository.s
2018-03-05 09:30:10.458 INFO [restartedMain][RepositoryConfigurationExtensionSupport.java:283] - Spring Data Redis - Could not safely identify store assignment for repository candidate interface com.liyang.domain.menu.MenuActRepository.s
2018-03-05 09:30:10.459 INFO [restartedMain][RepositoryConfigurationExtensionSupport.java:283] - Spring Data Redis - Could not safely identify store assignment for repository candidate interface com.liyang.domain.teamadvertise.TeamAdvertiseRepository.s
2018-03-05 09:30:10.460 INFO [restartedMain][RepositoryConfigurationExtensionSupport.java:283] - Spring Data Redis - Could not safely identify store assignment for repository candidate interface com.liyang.domain.teamobjective.TeamObjectiveLogRepository.s
2018-03-05 09:30:10.462 INFO [restartedMain][RepositoryConfigurationExtensionSupport.java:283] - Spring Data Redis - Could not safely identify store assignment for repository candidate interface com.liyang.domain.advertise.AdvertiseStateRepository.s
2018-03-05 09:30:10.462 INFO [restartedMain][RepositoryConfigurationExtensionSupport.java:283] - Spring Data Redis - Could not safely identify store assignment for repository candidate interface com.liyang.domain.advertise.AdvertiseLogRepository.s
2018-03-05 09:30:10.463 INFO [restartedMain][RepositoryConfigurationExtensionSupport.java:283] - Spring Data Redis - Could not safely identify store assignment for repository candidate interface com.liyang.domain.account.AccountRepository.s
2018-03-05 09:30:10.464 INFO [restartedMain][RepositoryConfigurationExtensionSupport.java:283] - Spring Data Redis - Could not safely identify store assignment for repository candidate interface com.liyang.domain.claimPolicyRewards.ClaimPolicyRewardActRepository.s
2018-03-05 09:30:10.473 INFO [restartedMain][RepositoryConfigurationExtensionSupport.java:283] - Spring Data Redis - Could not safely identify store assignment for repository candidate interface com.liyang.domain.customer.CustomerActRepository.s
2018-03-05 09:30:10.474 INFO [restartedMain][RepositoryConfigurationExtensionSupport.java:283] - Spring Data Redis - Could not safely identify store assignment for repository candidate interface com.liyang.domain.createenquiry.CreateEnquiryStateRepository.s
2018-03-05 09:30:10.475 INFO [restartedMain][RepositoryConfigurationExtensionSupport.java:283] - Spring Data Redis - Could not safely identify store assignment for repository candidate interface com.liyang.domain.createenquiry.CreateEnquiryWorkflowRepository.s
2018-03-05 09:30:10.476 INFO [restartedMain][RepositoryConfigurationExtensionSupport.java:283] - Spring Data Redis - Could not safely identify store assignment for repository candidate interface com.liyang.domain.poster.PosterRepository.s
2018-03-05 09:30:10.477 INFO [restartedMain][RepositoryConfigurationExtensionSupport.java:283] - Spring Data Redis - Could not safely identify store assignment for repository candidate interface com.liyang.domain.claimPolicyRewards.ClaimPolicyRewardRepository.s
2018-03-05 09:30:10.478 INFO [restartedMain][RepositoryConfigurationExtensionSupport.java:283] - Spring Data Redis - Could not safely identify store assignment for repository candidate interface com.liyang.domain.journal.JournalActRepository.s
2018-03-05 09:30:10.480 INFO [restartedMain][RepositoryConfigurationExtensionSupport.java:283] - Spring Data Redis - Could not safely identify store assignment for repository candidate interface com.liyang.domain.journal.JournalRepository.s
2018-03-05 09:30:10.481 INFO [restartedMain][RepositoryConfigurationExtensionSupport.java:283] - Spring Data Redis - Could not safely identify store assignment for repository candidate interface com.liyang.domain.customer.CustomerFileRepository.s
2018-03-05 09:30:10.481 INFO [restartedMain][RepositoryConfigurationExtensionSupport.java:283] - Spring Data Redis - Could not safely identify store assignment for repository candidate interface com.liyang.domain.moments.ImageRepository.s
2018-03-05 09:30:10.482 INFO [restartedMain][RepositoryConfigurationExtensionSupport.java:283] - Spring Data Redis - Could not safely identify store assignment for repository candidate interface com.liyang.domain.temporaryresult.TemporaryResultRepository.s
2018-03-05 09:30:10.483 INFO [restartedMain][RepositoryConfigurationExtensionSupport.java:283] - Spring Data Redis - Could not safely identify store assignment for repository candidate interface com.liyang.domain.platform.PlatformRepository.s
2018-03-05 09:30:10.484 INFO [restartedMain][RepositoryConfigurationExtensionSupport.java:283] - Spring Data Redis - Could not safely identify store assignment for repository candidate interface com.liyang.domain.webadvertisetype.WebAdvertiseTypeStateRepository.s
2018-03-05 09:30:10.485 INFO [restartedMain][RepositoryConfigurationExtensionSupport.java:283] - Spring Data Redis - Could not safely identify store assignment for repository candidate interface com.liyang.domain.moments.MomentsActRepository.s
2018-03-05 09:30:10.486 INFO [restartedMain][RepositoryConfigurationExtensionSupport.java:283] - Spring Data Redis - Could not safely identify store assignment for repository candidate interface com.liyang.domain.dafengapi.DafengApiCustomerStateRepository.s
2018-03-05 09:30:10.487 INFO [restartedMain][RepositoryConfigurationExtensionSupport.java:283] - Spring Data Redis - Could not safely identify store assignment for repository candidate interface com.liyang.domain.team.TeamLogRepository.s
2018-03-05 09:30:10.488 INFO [restartedMain][RepositoryConfigurationExtensionSupport.java:283] - Spring Data Redis - Could not safely identify store assignment for repository candidate interface com.liyang.domain.user.UserActRepository.s
2018-03-05 09:30:10.489 INFO [restartedMain][RepositoryConfigurationExtensionSupport.java:283] - Spring Data Redis - Could not safely identify store assignment for repository candidate interface com.liyang.domain.underwritingresult.UnderwritingResultRepository.s
2018-03-05 09:30:10.490 INFO [restartedMain][RepositoryConfigurationExtensionSupport.java:283] - Spring Data Redis - Could not safely identify store assignment for repository candidate interface com.liyang.domain.insurercompany.InsureCompanyActRepository.s
2018-03-05 09:30:10.491 INFO [restartedMain][RepositoryConfigurationExtensionSupport.java:283] - Spring Data Redis - Could not safely identify store assignment for repository candidate interface com.liyang.domain.webadvertisetype.WebAdvertiseTypeLogRepository.s
2018-03-05 09:30:10.492 INFO [restartedMain][RepositoryConfigurationExtensionSupport.java:283] - Spring Data Redis - Could not safely identify store assignment for repository candidate interface com.liyang.domain.teamobjective.TeamObjectiveStateRepository.s
2018-03-05 09:30:10.492 INFO [restartedMain][RepositoryConfigurationExtensionSupport.java:283] - Spring Data Redis - Could not safely identify store assignment for repository candidate interface com.liyang.domain.moments.PersonInfoRepository.s
2018-03-05 09:30:10.510 INFO [restartedMain][RepositoryConfigurationExtensionSupport.java:283] - Spring Data Redis - Could not safely identify store assignment for repository candidate interface com.liyang.domain.customer.CustomerStateRepository.s
2018-03-05 09:30:10.511 INFO [restartedMain][RepositoryConfigurationExtensionSupport.java:283] - Spring Data Redis - Could not safely identify store assignment for repository candidate interface com.liyang.domain.submitproposal.SubmitProposalWorkflowRepository.s
2018-03-05 09:30:10.512 INFO [restartedMain][RepositoryConfigurationExtensionSupport.java:283] - Spring Data Redis - Could not safely identify store assignment for repository candidate interface com.liyang.domain.banner.BannerStateRepository.s
2018-03-05 09:30:10.513 INFO [restartedMain][RepositoryConfigurationExtensionSupport.java:283] - Spring Data Redis - Could not safely identify store assignment for repository candidate interface com.liyang.domain.role.RoleLogRepository.s
2018-03-05 09:30:10.514 INFO [restartedMain][RepositoryConfigurationExtensionSupport.java:283] - Spring Data Redis - Could not safely identify store assignment for repository candidate interface com.liyang.domain.journal.JournalStateRepository.s
2018-03-05 09:30:10.515 INFO [restartedMain][RepositoryConfigurationExtensionSupport.java:283] - Spring Data Redis - Could not safely identify store assignment for repository candidate interface com.liyang.domain.submitproposal.SubmitProposalStateRepository.s
2018-03-05 09:30:10.516 INFO [restartedMain][RepositoryConfigurationExtensionSupport.java:283] - Spring Data Redis - Could not safely identify store assignment for repository candidate interface com.liyang.domain.team.TeamStateRepository.s
2018-03-05 09:30:10.518 INFO [restartedMain][RepositoryConfigurationExtensionSupport.java:283] - Spring Data Redis - Could not safely identify store assignment for repository candidate interface com.liyang.domain.customer.CustomerRepository.s
2018-03-05 09:30:10.519 INFO [restartedMain][RepositoryConfigurationExtensionSupport.java:283] - Spring Data Redis - Could not safely identify store assignment for repository candidate interface com.liyang.domain.productcompany.ProductCompanyStateRepository.s
2018-03-05 09:30:10.520 INFO [restartedMain][RepositoryConfigurationExtensionSupport.java:283] - Spring Data Redis - Could not safely identify store assignment for repository candidate interface com.liyang.domain.teamadvertise.TeamAdvertiseLogRepository.s
2018-03-05 09:30:10.521 INFO [restartedMain][RepositoryConfigurationExtensionSupport.java:283] - Spring Data Redis - Could not safely identify store assignment for repository candidate interface com.liyang.domain.teamadvertise.TeamAdvertiseActRepository.s
2018-03-05 09:30:10.522 INFO [restartedMain][RepositoryConfigurationExtensionSupport.java:283] - Spring Data Redis - Could not safely identify store assignment for repository candidate interface com.liyang.domain.otherInsure.OtherInsureStateRepository.s
2018-03-05 09:30:10.522 INFO [restartedMain][RepositoryConfigurationExtensionSupport.java:283] - Spring Data Redis - Could not safely identify store assignment for repository candidate interface com.liyang.domain.salesman.SalesmanActRepository.s
2018-03-05 09:30:10.523 INFO [restartedMain][RepositoryConfigurationExtensionSupport.java:283] - Spring Data Redis - Could not safely identify store assignment for repository candidate interface com.liyang.domain.timgroup.TIMGroupActRepository.s
2018-03-05 09:30:10.524 INFO [restartedMain][RepositoryConfigurationExtensionSupport.java:283] - Spring Data Redis - Could not safely identify store assignment for repository candidate interface com.liyang.domain.team.TeamActRepository.s
2018-03-05 09:30:10.525 INFO [restartedMain][RepositoryConfigurationExtensionSupport.java:283] - Spring Data Redis - Could not safely identify store assignment for repository candidate interface com.liyang.domain.moments.MomentsLogRepository.s
2018-03-05 09:30:10.526 INFO [restartedMain][RepositoryConfigurationExtensionSupport.java:283] - Spring Data Redis - Could not safely identify store assignment for repository candidate interface com.liyang.domain.webadvertisetype.WebAdvertiseTypeActRepository.s
2018-03-05 09:30:10.527 INFO [restartedMain][RepositoryConfigurationExtensionSupport.java:283] - Spring Data Redis - Could not safely identify store assignment for repository candidate interface com.liyang.domain.teamadvertise.TeamAdvertiseStateRepository.s
2018-03-05 09:30:10.528 INFO [restartedMain][RepositoryConfigurationExtensionSupport.java:283] - Spring Data Redis - Could not safely identify store assignment for repository candidate interface com.liyang.domain.claimmatch.ClaimMatchRepository.s
2018-03-05 09:30:10.530 INFO [restartedMain][RepositoryConfigurationExtensionSupport.java:283] - Spring Data Redis - Could not safely identify store assignment for repository candidate interface com.liyang.domain.product.ProductLogRepository.s
2018-03-05 09:30:10.531 INFO [restartedMain][RepositoryConfigurationExtensionSupport.java:283] - Spring Data Redis - Could not safely identify store assignment for repository candidate interface com.liyang.domain.user.UserLogRepository.s
2018-03-05 09:30:10.532 INFO [restartedMain][RepositoryConfigurationExtensionSupport.java:283] - Spring Data Redis - Could not safely identify store assignment for repository candidate interface com.liyang.domain.offerresult.OfferResultRepository.s
2018-03-05 09:30:10.533 INFO [restartedMain][RepositoryConfigurationExtensionSupport.java:283] - Spring Data Redis - Could not safely identify store assignment for repository candidate interface com.liyang.domain.departmenttype.DepartmenttypeStateRepository.s
2018-03-05 09:30:10.534 INFO [restartedMain][RepositoryConfigurationExtensionSupport.java:283] - Spring Data Redis - Could not safely identify store assignment for repository candidate interface com.liyang.domain.departmenttype.DepartmenttypeRepository.s
2018-03-05 09:30:10.536 INFO [restartedMain][RepositoryConfigurationExtensionSupport.java:283] - Spring Data Redis - Could not safely identify store assignment for repository candidate interface com.liyang.domain.submitproposal.SubmitProposalLogRepository.s
2018-03-05 09:30:10.537 INFO [restartedMain][RepositoryConfigurationExtensionSupport.java:283] - Spring Data Redis - Could not safely identify store assignment for repository candidate interface com.liyang.domain.advertise.AdvertiseRepository.s
2018-03-05 09:30:10.538 INFO [restartedMain][RepositoryConfigurationExtensionSupport.java:283] - Spring Data Redis - Could not safely identify store assignment for repository candidate interface com.liyang.domain.createenquiry.CreateEnquiryFileRepository.s
2018-03-05 09:30:10.539 INFO [restartedMain][RepositoryConfigurationExtensionSupport.java:283] - Spring Data Redis - Could not safely identify store assignment for repository candidate interface com.liyang.domain.poster.PosterLogRepository.s
2018-03-05 09:30:10.540 INFO [restartedMain][RepositoryConfigurationExtensionSupport.java:283] - Spring Data Redis - Could not safely identify store assignment for repository candidate interface com.liyang.domain.user.UserRepository.s
2018-03-05 09:30:10.541 INFO [restartedMain][RepositoryConfigurationExtensionSupport.java:283] - Spring Data Redis - Could not safely identify store assignment for repository candidate interface com.liyang.domain.menu.MenuLogRepository.s
2018-03-05 09:30:10.542 INFO [restartedMain][RepositoryConfigurationExtensionSupport.java:283] - Spring Data Redis - Could not safely identify store assignment for repository candidate interface com.liyang.domain.carModel.CarModelRepository.s
2018-03-05 09:30:11.738 INFO [restartedMain][PostProcessorRegistrationDelegate.java:325] - Bean 'org.springframework.security.config.annotation.configuration.ObjectPostProcessorConfiguration' of type [org.springframework.security.config.annotation.configuration.ObjectPostProcessorConfiguration$$EnhancerBySpringCGLIB$$e903e71f] is not eligible for getting processed by all BeanPostProcessors (for example: not eligible for auto-proxying)s
2018-03-05 09:30:12.020 INFO [restartedMain][PostProcessorRegistrationDelegate.java:325] - Bean 'objectPostProcessor' of type [org.springframework.security.config.annotation.configuration.AutowireBeanFactoryObjectPostProcessor] is not eligible for getting processed by all BeanPostProcessors (for example: not eligible for auto-proxying)s
2018-03-05 09:30:12.029 INFO [restartedMain][PostProcessorRegistrationDelegate.java:325] - Bean 'org.springframework.security.access.expression.method.DefaultMethodSecurityExpressionHandler@6f10416b' of type [org.springframework.security.access.expression.method.DefaultMethodSecurityExpressionHandler] is not eligible for getting processed by all BeanPostProcessors (for example: not eligible for auto-proxying)s
2018-03-05 09:30:12.036 INFO [restartedMain][PostProcessorRegistrationDelegate.java:325] - Bean 'org.springframework.security.config.annotation.method.configuration.GlobalMethodSecurityConfiguration' of type [org.springframework.security.config.annotation.method.configuration.GlobalMethodSecurityConfiguration$$EnhancerBySpringCGLIB$$dd889d1] is not eligible for getting processed by all BeanPostProcessors (for example: not eligible for auto-proxying)s
2018-03-05 09:30:12.071 INFO [restartedMain][PostProcessorRegistrationDelegate.java:325] - Bean 'methodSecurityMetadataSource' of type [org.springframework.security.access.method.DelegatingMethodSecurityMetadataSource] is not eligible for getting processed by all BeanPostProcessors (for example: not eligible for auto-proxying)s
2018-03-05 09:30:12.093 INFO [restartedMain][PostProcessorRegistrationDelegate.java:325] - Bean 'org.springframework.transaction.annotation.ProxyTransactionManagementConfiguration' of type [org.springframework.transaction.annotation.ProxyTransactionManagementConfiguration$$EnhancerBySpringCGLIB$$50561ee5] is not eligible for getting processed by all BeanPostProcessors (for example: not eligible for auto-proxying)s
2018-03-05 09:30:12.173 INFO [restartedMain][PostProcessorRegistrationDelegate.java:325] - Bean 'redisConfig' of type [com.liyang.config.RedisConfig$$EnhancerBySpringCGLIB$$d3806c9e] is not eligible for getting processed by all BeanPostProcessors (for example: not eligible for auto-proxying)s
2018-03-05 09:30:12.188 INFO [restartedMain][PostProcessorRegistrationDelegate.java:325] - Bean 'org.springframework.cache.annotation.ProxyCachingConfiguration' of type [org.springframework.cache.annotation.ProxyCachingConfiguration$$EnhancerBySpringCGLIB$$99685503] is not eligible for getting processed by all BeanPostProcessors (for example: not eligible for auto-proxying)s
2018-03-05 09:30:13.182 INFO [restartedMain][TomcatEmbeddedServletContainer.java:89] - Tomcat initialized with port(s): 80 (http)s
2018-03-05 09:30:13.204 INFO [restartedMain][DirectJDKLog.java:179] - Starting service Tomcats
2018-03-05 09:30:13.206 INFO [restartedMain][DirectJDKLog.java:179] - Starting Servlet Engine: Apache Tomcat/8.5.13s
2018-03-05 09:30:13.366 INFO [localhost-startStop-1][DirectJDKLog.java:179] - Initializing Spring embedded WebApplicationContexts
2018-03-05 09:30:13.366 INFO [localhost-startStop-1][EmbeddedWebApplicationContext.java:276] - Root WebApplicationContext: initialization completed in 10107 mss
2018-03-05 09:30:15.129 INFO [localhost-startStop-1][LocalContainerEntityManagerFactoryBean.java:349] - Building JPA container EntityManagerFactory for persistence unit 'default's
2018-03-05 09:30:15.165 INFO [localhost-startStop-1][LogHelper.java:31] - HHH000204: Processing PersistenceUnitInfo [
	name: default
	...]s
2018-03-05 09:30:15.308 INFO [localhost-startStop-1][Version.java:37] - HHH000412: Hibernate Core {5.0.12.Final}s
2018-03-05 09:30:15.311 INFO [localhost-startStop-1][Environment.java:213] - HHH000206: hibernate.properties not founds
2018-03-05 09:30:15.314 INFO [localhost-startStop-1][Environment.java:317] - HHH000021: Bytecode provider name : javassists
2018-03-05 09:30:15.384 INFO [localhost-startStop-1][JavaReflectionManager.java:66] - HCANN000001: Hibernate Commons Annotations {5.0.1.Final}s
2018-03-05 09:30:16.217 INFO [localhost-startStop-1][Dialect.java:156] - HHH000400: Using dialect: org.hibernate.dialect.MySQL5InnoDBDialects
2018-03-05 09:30:20.616 INFO [localhost-startStop-1][SchemaUpdate.java:105] - HHH000228: Running hbm2ddl schema updates
2018-03-05 09:31:45.208 INFO [restartedMain][StartupInfoLogger.java:48] - Starting Application on PC-201707072145 with PID 8304 (D:\phpStudy\WWW\dafeng\target\classes started by Administrator in D:\phpStudy\WWW\dafeng)s
2018-03-05 09:31:45.210 INFO [restartedMain][SpringApplication.java:666] - The following profiles are active: locals
2018-03-05 09:31:45.375 INFO [background-preinit][Version.java:30] - HV000001: Hibernate Validator 5.2.5.Finals
2018-03-05 09:31:45.731 INFO [restartedMain][AbstractApplicationContext.java:582] - Refreshing org.springframework.boot.context.embedded.AnnotationConfigEmbeddedWebApplicationContext@77f0c674: startup date [Mon Mar 05 09:31:45 CST 2018]; root of context hierarchys
2018-03-05 09:31:48.368 INFO [restartedMain][RepositoryConfigurationDelegate.java:170] - Multiple Spring Data modules found, entering strict repository configuration mode!s
2018-03-05 09:31:51.303 INFO [restartedMain][RepositoryConfigurationDelegate.java:170] - Multiple Spring Data modules found, entering strict repository configuration mode!s
2018-03-05 09:31:51.699 INFO [restartedMain][RepositoryConfigurationExtensionSupport.java:283] - Spring Data Redis - Could not safely identify store assignment for repository candidate interface com.liyang.domain.timgroup.TIMGroupRepository.s
2018-03-05 09:31:51.700 INFO [restartedMain][RepositoryConfigurationExtensionSupport.java:283] - Spring Data Redis - Could not safely identify store assignment for repository candidate interface com.liyang.domain.dafengapi.DafengApiCustomerLogRepository.s
2018-03-05 09:31:51.701 INFO [restartedMain][RepositoryConfigurationExtensionSupport.java:283] - Spring Data Redis - Could not safely identify store assignment for repository candidate interface com.liyang.domain.department.DepartmentActRepository.s
2018-03-05 09:31:51.702 INFO [restartedMain][RepositoryConfigurationExtensionSupport.java:283] - Spring Data Redis - Could not safely identify store assignment for repository candidate interface com.liyang.domain.address.AddressLogRepository.s
2018-03-05 09:31:51.704 INFO [restartedMain][RepositoryConfigurationExtensionSupport.java:283] - Spring Data Redis - Could not safely identify store assignment for repository candidate interface com.liyang.domain.user.UserStateRepository.s
2018-03-05 09:31:51.705 INFO [restartedMain][RepositoryConfigurationExtensionSupport.java:283] - Spring Data Redis - Could not safely identify store assignment for repository candidate interface com.liyang.domain.insuranceresult.InsuranceResultFileRepository.s
2018-03-05 09:31:51.706 INFO [restartedMain][RepositoryConfigurationExtensionSupport.java:283] - Spring Data Redis - Could not safely identify store assignment for repository candidate interface com.liyang.domain.timgroup.TIMGroupStateRepository.s
2018-03-05 09:31:51.706 INFO [restartedMain][RepositoryConfigurationExtensionSupport.java:283] - Spring Data Redis - Could not safely identify store assignment for repository candidate interface com.liyang.domain.identify.IdentifyRepository.s
2018-03-05 09:31:51.707 INFO [restartedMain][RepositoryConfigurationExtensionSupport.java:283] - Spring Data Redis - Could not safely identify store assignment for repository candidate interface com.liyang.domain.product.ProductStateRepository.s
2018-03-05 09:31:51.708 INFO [restartedMain][RepositoryConfigurationExtensionSupport.java:283] - Spring Data Redis - Could not safely identify store assignment for repository candidate interface com.liyang.domain.productcompany.ProductCompanyRepository.s
2018-03-05 09:31:51.709 INFO [restartedMain][RepositoryConfigurationExtensionSupport.java:283] - Spring Data Redis - Could not safely identify store assignment for repository candidate interface com.liyang.domain.insuranceresult.InsuranceResultActRepository.s
2018-03-05 09:31:51.710 INFO [restartedMain][RepositoryConfigurationExtensionSupport.java:283] - Spring Data Redis - Could not safely identify store assignment for repository candidate interface com.liyang.domain.insuranceresult.InsuranceResultRepository.s
2018-03-05 09:31:51.710 INFO [restartedMain][RepositoryConfigurationExtensionSupport.java:283] - Spring Data Redis - Could not safely identify store assignment for repository candidate interface com.liyang.domain.perbusinesscard.PerBusinessCardLogRepository.s
2018-03-05 09:31:51.711 INFO [restartedMain][RepositoryConfigurationExtensionSupport.java:283] - Spring Data Redis - Could not safely identify store assignment for repository candidate interface com.liyang.domain.upgradeapply.UpgradeApplyRepository.s
2018-03-05 09:31:51.711 INFO [restartedMain][RepositoryConfigurationExtensionSupport.java:283] - Spring Data Redis - Could not safely identify store assignment for repository candidate interface com.liyang.domain.authority.AuthorityRepository.s
2018-03-05 09:31:51.712 INFO [restartedMain][RepositoryConfigurationExtensionSupport.java:283] - Spring Data Redis - Could not safely identify store assignment for repository candidate interface com.liyang.domain.exception.ExceptionRepository.s
2018-03-05 09:31:51.713 INFO [restartedMain][RepositoryConfigurationExtensionSupport.java:283] - Spring Data Redis - Could not safely identify store assignment for repository candidate interface com.liyang.domain.role.RoleStateRepository.s
2018-03-05 09:31:51.714 INFO [restartedMain][RepositoryConfigurationExtensionSupport.java:283] - Spring Data Redis - Could not safely identify store assignment for repository candidate interface com.liyang.domain.department.DepartmentLogRepository.s
2018-03-05 09:31:51.715 INFO [restartedMain][RepositoryConfigurationExtensionSupport.java:283] - Spring Data Redis - Could not safely identify store assignment for repository candidate interface com.liyang.domain.createenquiry.CreateEnquiryLogRepository.s
2018-03-05 09:31:51.716 INFO [restartedMain][RepositoryConfigurationExtensionSupport.java:283] - Spring Data Redis - Could not safely identify store assignment for repository candidate interface com.liyang.domain.claimPolicyRewards.ClaimPolicyRewardStateRepository.s
2018-03-05 09:31:51.719 INFO [restartedMain][RepositoryConfigurationExtensionSupport.java:283] - Spring Data Redis - Could not safely identify store assignment for repository candidate interface com.liyang.domain.teamobjective.TeamObjectiveRepository.s
2018-03-05 09:31:51.720 INFO [restartedMain][RepositoryConfigurationExtensionSupport.java:283] - Spring Data Redis - Could not safely identify store assignment for repository candidate interface com.liyang.domain.departmenttype.DepartmenttypeLogRepository.s
2018-03-05 09:31:51.720 INFO [restartedMain][RepositoryConfigurationExtensionSupport.java:283] - Spring Data Redis - Could not safely identify store assignment for repository candidate interface com.liyang.domain.perbusinesscard.PerDetailsRepository.s
2018-03-05 09:31:51.721 INFO [restartedMain][RepositoryConfigurationExtensionSupport.java:283] - Spring Data Redis - Could not safely identify store assignment for repository candidate interface com.liyang.domain.querylatestpolicy.QueryLatestPolicyRepository.s
2018-03-05 09:31:51.722 INFO [restartedMain][RepositoryConfigurationExtensionSupport.java:283] - Spring Data Redis - Could not safely identify store assignment for repository candidate interface com.liyang.domain.submitproposal.SubmitProposalFileRepository.s
2018-03-05 09:31:51.723 INFO [restartedMain][RepositoryConfigurationExtensionSupport.java:283] - Spring Data Redis - Could not safely identify store assignment for repository candidate interface com.liyang.domain.product.ProductRepository.s
2018-03-05 09:31:51.724 INFO [restartedMain][RepositoryConfigurationExtensionSupport.java:283] - Spring Data Redis - Could not safely identify store assignment for repository candidate interface com.liyang.domain.salesman.SalesmanStateRepository.s
2018-03-05 09:31:51.725 INFO [restartedMain][RepositoryConfigurationExtensionSupport.java:283] - Spring Data Redis - Could not safely identify store assignment for repository candidate interface com.liyang.domain.insuranceresult.InsuranceResultLogRepository.s
2018-03-05 09:31:51.726 INFO [restartedMain][RepositoryConfigurationExtensionSupport.java:283] - Spring Data Redis - Could not safely identify store assignment for repository candidate interface com.liyang.domain.department.DepartmentRepository.s
2018-03-05 09:31:51.727 INFO [restartedMain][RepositoryConfigurationExtensionSupport.java:283] - Spring Data Redis - Could not safely identify store assignment for repository candidate interface com.liyang.domain.user.UserFileRepository.s
2018-03-05 09:31:51.728 INFO [restartedMain][RepositoryConfigurationExtensionSupport.java:283] - Spring Data Redis - Could not safely identify store assignment for repository candidate interface com.liyang.domain.moments.MomentsRepository.s
2018-03-05 09:31:51.729 INFO [restartedMain][RepositoryConfigurationExtensionSupport.java:283] - Spring Data Redis - Could not safely identify store assignment for repository candidate interface com.liyang.domain.moments.MomentsStateRepository.s
2018-03-05 09:31:51.730 INFO [restartedMain][RepositoryConfigurationExtensionSupport.java:283] - Spring Data Redis - Could not safely identify store assignment for repository candidate interface com.liyang.domain.otherInsure.OtherInsureActRepository.s
2018-03-05 09:31:51.731 INFO [restartedMain][RepositoryConfigurationExtensionSupport.java:283] - Spring Data Redis - Could not safely identify store assignment for repository candidate interface com.liyang.domain.role.RoleActRepository.s
2018-03-05 09:31:51.733 INFO [restartedMain][RepositoryConfigurationExtensionSupport.java:283] - Spring Data Redis - Could not safely identify store assignment for repository candidate interface com.liyang.domain.menu.MenuStateRepository.s
2018-03-05 09:31:51.735 INFO [restartedMain][RepositoryConfigurationExtensionSupport.java:283] - Spring Data Redis - Could not safely identify store assignment for repository candidate interface com.liyang.domain.banner.BannerRepository.s
2018-03-05 09:31:51.736 INFO [restartedMain][RepositoryConfigurationExtensionSupport.java:283] - Spring Data Redis - Could not safely identify store assignment for repository candidate interface com.liyang.domain.product.ProductActRepository.s
2018-03-05 09:31:51.737 INFO [restartedMain][RepositoryConfigurationExtensionSupport.java:283] - Spring Data Redis - Could not safely identify store assignment for repository candidate interface com.liyang.domain.dafengapi.DafengApiCustomerActRepository.s
2018-03-05 09:31:51.739 INFO [restartedMain][RepositoryConfigurationExtensionSupport.java:283] - Spring Data Redis - Could not safely identify store assignment for repository candidate interface com.liyang.domain.department.DepartmentStateRepository.s
2018-03-05 09:31:51.739 INFO [restartedMain][RepositoryConfigurationExtensionSupport.java:283] - Spring Data Redis - Could not safely identify store assignment for repository candidate interface com.liyang.domain.timgroup.TIMGroupLogRepository.s
2018-03-05 09:31:51.740 INFO [restartedMain][RepositoryConfigurationExtensionSupport.java:283] - Spring Data Redis - Could not safely identify store assignment for repository candidate interface com.liyang.domain.banner.BannerActRepository.s
2018-03-05 09:31:51.741 INFO [restartedMain][RepositoryConfigurationExtensionSupport.java:283] - Spring Data Redis - Could not safely identify store assignment for repository candidate interface com.liyang.domain.address.AddressActRepository.s
2018-03-05 09:31:51.743 INFO [restartedMain][RepositoryConfigurationExtensionSupport.java:283] - Spring Data Redis - Could not safely identify store assignment for repository candidate interface com.liyang.domain.menu.MenuRepository.s
2018-03-05 09:31:51.743 INFO [restartedMain][RepositoryConfigurationExtensionSupport.java:283] - Spring Data Redis - Could not safely identify store assignment for repository candidate interface com.liyang.domain.productcompany.ProductCompanyLogRepository.s
2018-03-05 09:31:51.744 INFO [restartedMain][RepositoryConfigurationExtensionSupport.java:283] - Spring Data Redis - Could not safely identify store assignment for repository candidate interface com.liyang.domain.journal.JournalLogRepository.s
2018-03-05 09:31:51.746 INFO [restartedMain][RepositoryConfigurationExtensionSupport.java:283] - Spring Data Redis - Could not safely identify store assignment for repository candidate interface com.liyang.domain.user.UserWorkflowRepository.s
2018-03-05 09:31:51.747 INFO [restartedMain][RepositoryConfigurationExtensionSupport.java:283] - Spring Data Redis - Could not safely identify store assignment for repository candidate interface com.liyang.domain.productcompany.ProductCompanyActRepository.s
2018-03-05 09:31:51.748 INFO [restartedMain][RepositoryConfigurationExtensionSupport.java:283] - Spring Data Redis - Could not safely identify store assignment for repository candidate interface com.liyang.domain.insuranceresult.InsuranceResultWorkflowRepository.s
2018-03-05 09:31:51.749 INFO [restartedMain][RepositoryConfigurationExtensionSupport.java:283] - Spring Data Redis - Could not safely identify store assignment for repository candidate interface com.liyang.domain.salesman.SalesmanLogRepository.s
2018-03-05 09:31:51.749 INFO [restartedMain][RepositoryConfigurationExtensionSupport.java:283] - Spring Data Redis - Could not safely identify store assignment for repository candidate interface com.liyang.domain.claimPolicyRewards.ClaimPolicyRewardLogRepository.s
2018-03-05 09:31:51.750 INFO [restartedMain][RepositoryConfigurationExtensionSupport.java:283] - Spring Data Redis - Could not safely identify store assignment for repository candidate interface com.liyang.domain.address.AddressStateRepository.s
2018-03-05 09:31:51.751 INFO [restartedMain][RepositoryConfigurationExtensionSupport.java:283] - Spring Data Redis - Could not safely identify store assignment for repository candidate interface com.liyang.domain.insurercompany.InsureCompanyStateRepository.s
2018-03-05 09:31:51.752 INFO [restartedMain][RepositoryConfigurationExtensionSupport.java:283] - Spring Data Redis - Could not safely identify store assignment for repository candidate interface com.liyang.domain.webadvertisetype.WebAdvertiseTypeRepository.s
2018-03-05 09:31:51.753 INFO [restartedMain][RepositoryConfigurationExtensionSupport.java:283] - Spring Data Redis - Could not safely identify store assignment for repository candidate interface com.liyang.domain.insuranceresult.InsuranceResultStateRepository.s
2018-03-05 09:31:51.754 INFO [restartedMain][RepositoryConfigurationExtensionSupport.java:283] - Spring Data Redis - Could not safely identify store assignment for repository candidate interface com.liyang.domain.salesman.SalesmanRepository.s
2018-03-05 09:31:51.755 INFO [restartedMain][RepositoryConfigurationExtensionSupport.java:283] - Spring Data Redis - Could not safely identify store assignment for repository candidate interface com.liyang.domain.role.RoleRepository.s
2018-03-05 09:31:51.755 INFO [restartedMain][RepositoryConfigurationExtensionSupport.java:283] - Spring Data Redis - Could not safely identify store assignment for repository candidate interface com.liyang.domain.submitproposal.SubmitProposalRepository.s
2018-03-05 09:31:51.757 INFO [restartedMain][RepositoryConfigurationExtensionSupport.java:283] - Spring Data Redis - Could not safely identify store assignment for repository candidate interface com.liyang.domain.feedback.FeedbackRepository.s
2018-03-05 09:31:51.758 INFO [restartedMain][RepositoryConfigurationExtensionSupport.java:283] - Spring Data Redis - Could not safely identify store assignment for repository candidate interface com.liyang.domain.customer.CustomerLogRepository.s
2018-03-05 09:31:51.759 INFO [restartedMain][RepositoryConfigurationExtensionSupport.java:283] - Spring Data Redis - Could not safely identify store assignment for repository candidate interface com.liyang.domain.teamobjective.TeamObjectiveActRepository.s
2018-03-05 09:31:51.759 INFO [restartedMain][RepositoryConfigurationExtensionSupport.java:283] - Spring Data Redis - Could not safely identify store assignment for repository candidate interface com.liyang.domain.address.AddressRepository.s
2018-03-05 09:31:51.760 INFO [restartedMain][RepositoryConfigurationExtensionSupport.java:283] - Spring Data Redis - Could not safely identify store assignment for repository candidate interface com.liyang.domain.poster.PosterStateRepository.s
2018-03-05 09:31:51.761 INFO [restartedMain][RepositoryConfigurationExtensionSupport.java:283] - Spring Data Redis - Could not safely identify store assignment for repository candidate interface com.liyang.domain.advertise.AdvertiseActRepository.s
2018-03-05 09:31:51.762 INFO [restartedMain][RepositoryConfigurationExtensionSupport.java:283] - Spring Data Redis - Could not safely identify store assignment for repository candidate interface com.liyang.domain.createenquiry.CreateEnquiryRepository.s
2018-03-05 09:31:51.763 INFO [restartedMain][RepositoryConfigurationExtensionSupport.java:283] - Spring Data Redis - Could not safely identify store assignment for repository candidate interface com.liyang.domain.otherinsureinterestperson.OtherInsureInterestPersonRepository.s
2018-03-05 09:31:51.764 INFO [restartedMain][RepositoryConfigurationExtensionSupport.java:283] - Spring Data Redis - Could not safely identify store assignment for repository candidate interface com.liyang.domain.createenquiry.CreateEnquiryActRepository.s
2018-03-05 09:31:51.765 INFO [restartedMain][RepositoryConfigurationExtensionSupport.java:283] - Spring Data Redis - Could not safely identify store assignment for repository candidate interface com.liyang.domain.departmenttype.DepartmenttypeActRepository.s
2018-03-05 09:31:51.766 INFO [restartedMain][RepositoryConfigurationExtensionSupport.java:283] - Spring Data Redis - Could not safely identify store assignment for repository candidate interface com.liyang.domain.dafengapi.DafengApiCustomerRepository.s
2018-03-05 09:31:51.767 INFO [restartedMain][RepositoryConfigurationExtensionSupport.java:283] - Spring Data Redis - Could not safely identify store assignment for repository candidate interface com.liyang.domain.otherInsure.OtherInsureRepository.s
2018-03-05 09:31:51.768 INFO [restartedMain][RepositoryConfigurationExtensionSupport.java:283] - Spring Data Redis - Could not safely identify store assignment for repository candidate interface com.liyang.domain.perbusinesscard.PerBusinessCardActRepository.s
2018-03-05 09:31:51.768 INFO [restartedMain][RepositoryConfigurationExtensionSupport.java:283] - Spring Data Redis - Could not safely identify store assignment for repository candidate interface com.liyang.domain.myinvite.MyInviteRepository.s
2018-03-05 09:31:51.769 INFO [restartedMain][RepositoryConfigurationExtensionSupport.java:283] - Spring Data Redis - Could not safely identify store assignment for repository candidate interface com.liyang.domain.banner.BannerLogRepository.s
2018-03-05 09:31:51.770 INFO [restartedMain][RepositoryConfigurationExtensionSupport.java:283] - Spring Data Redis - Could not safely identify store assignment for repository candidate interface com.liyang.domain.otherInsure.OtherInsureLogRepository.s
2018-03-05 09:31:51.771 INFO [restartedMain][RepositoryConfigurationExtensionSupport.java:283] - Spring Data Redis - Could not safely identify store assignment for repository candidate interface com.liyang.domain.jiandenonlocalidcard.NonlocalIdcardRepository.s
2018-03-05 09:31:51.772 INFO [restartedMain][RepositoryConfigurationExtensionSupport.java:283] - Spring Data Redis - Could not safely identify store assignment for repository candidate interface com.liyang.domain.perbusinesscard.PerBusinessCardStateRepository.s
2018-03-05 09:31:51.772 INFO [restartedMain][RepositoryConfigurationExtensionSupport.java:283] - Spring Data Redis - Could not safely identify store assignment for repository candidate interface com.liyang.domain.team.TeamRepository.s
2018-03-05 09:31:51.773 INFO [restartedMain][RepositoryConfigurationExtensionSupport.java:283] - Spring Data Redis - Could not safely identify store assignment for repository candidate interface com.liyang.domain.insurercompany.InsureCompanyLogRepository.s
2018-03-05 09:31:51.774 INFO [restartedMain][RepositoryConfigurationExtensionSupport.java:283] - Spring Data Redis - Could not safely identify store assignment for repository candidate interface com.liyang.domain.perbusinesscard.PerBusinessCardRepository.s
2018-03-05 09:31:51.775 INFO [restartedMain][RepositoryConfigurationExtensionSupport.java:283] - Spring Data Redis - Could not safely identify store assignment for repository candidate interface com.liyang.domain.querypayment.QueryPayRepository.s
2018-03-05 09:31:51.776 INFO [restartedMain][RepositoryConfigurationExtensionSupport.java:283] - Spring Data Redis - Could not safely identify store assignment for repository candidate interface com.liyang.domain.customer.CustomerWorkflowRepository.s
2018-03-05 09:31:51.777 INFO [restartedMain][RepositoryConfigurationExtensionSupport.java:283] - Spring Data Redis - Could not safely identify store assignment for repository candidate interface com.liyang.domain.poster.PosterActRepository.s
2018-03-05 09:31:51.778 INFO [restartedMain][RepositoryConfigurationExtensionSupport.java:283] - Spring Data Redis - Could not safely identify store assignment for repository candidate interface com.liyang.domain.submitproposal.SubmitProposalActRepository.s
2018-03-05 09:31:51.779 INFO [restartedMain][RepositoryConfigurationExtensionSupport.java:283] - Spring Data Redis - Could not safely identify store assignment for repository candidate interface com.liyang.domain.insurercompany.InsureCompanyRepository.s
2018-03-05 09:31:51.782 INFO [restartedMain][RepositoryConfigurationExtensionSupport.java:283] - Spring Data Redis - Could not safely identify store assignment for repository candidate interface com.liyang.domain.menu.MenuActRepository.s
2018-03-05 09:31:51.783 INFO [restartedMain][RepositoryConfigurationExtensionSupport.java:283] - Spring Data Redis - Could not safely identify store assignment for repository candidate interface com.liyang.domain.teamadvertise.TeamAdvertiseRepository.s
2018-03-05 09:31:51.784 INFO [restartedMain][RepositoryConfigurationExtensionSupport.java:283] - Spring Data Redis - Could not safely identify store assignment for repository candidate interface com.liyang.domain.teamobjective.TeamObjectiveLogRepository.s
2018-03-05 09:31:51.785 INFO [restartedMain][RepositoryConfigurationExtensionSupport.java:283] - Spring Data Redis - Could not safely identify store assignment for repository candidate interface com.liyang.domain.advertise.AdvertiseStateRepository.s
2018-03-05 09:31:51.786 INFO [restartedMain][RepositoryConfigurationExtensionSupport.java:283] - Spring Data Redis - Could not safely identify store assignment for repository candidate interface com.liyang.domain.advertise.AdvertiseLogRepository.s
2018-03-05 09:31:51.786 INFO [restartedMain][RepositoryConfigurationExtensionSupport.java:283] - Spring Data Redis - Could not safely identify store assignment for repository candidate interface com.liyang.domain.account.AccountRepository.s
2018-03-05 09:31:51.787 INFO [restartedMain][RepositoryConfigurationExtensionSupport.java:283] - Spring Data Redis - Could not safely identify store assignment for repository candidate interface com.liyang.domain.claimPolicyRewards.ClaimPolicyRewardActRepository.s
2018-03-05 09:31:51.788 INFO [restartedMain][RepositoryConfigurationExtensionSupport.java:283] - Spring Data Redis - Could not safely identify store assignment for repository candidate interface com.liyang.domain.customer.CustomerActRepository.s
2018-03-05 09:31:51.789 INFO [restartedMain][RepositoryConfigurationExtensionSupport.java:283] - Spring Data Redis - Could not safely identify store assignment for repository candidate interface com.liyang.domain.createenquiry.CreateEnquiryStateRepository.s
2018-03-05 09:31:51.791 INFO [restartedMain][RepositoryConfigurationExtensionSupport.java:283] - Spring Data Redis - Could not safely identify store assignment for repository candidate interface com.liyang.domain.createenquiry.CreateEnquiryWorkflowRepository.s
2018-03-05 09:31:51.792 INFO [restartedMain][RepositoryConfigurationExtensionSupport.java:283] - Spring Data Redis - Could not safely identify store assignment for repository candidate interface com.liyang.domain.poster.PosterRepository.s
2018-03-05 09:31:51.792 INFO [restartedMain][RepositoryConfigurationExtensionSupport.java:283] - Spring Data Redis - Could not safely identify store assignment for repository candidate interface com.liyang.domain.claimPolicyRewards.ClaimPolicyRewardRepository.s
2018-03-05 09:31:51.793 INFO [restartedMain][RepositoryConfigurationExtensionSupport.java:283] - Spring Data Redis - Could not safely identify store assignment for repository candidate interface com.liyang.domain.journal.JournalActRepository.s
2018-03-05 09:31:51.794 INFO [restartedMain][RepositoryConfigurationExtensionSupport.java:283] - Spring Data Redis - Could not safely identify store assignment for repository candidate interface com.liyang.domain.journal.JournalRepository.s
2018-03-05 09:31:51.795 INFO [restartedMain][RepositoryConfigurationExtensionSupport.java:283] - Spring Data Redis - Could not safely identify store assignment for repository candidate interface com.liyang.domain.customer.CustomerFileRepository.s
2018-03-05 09:31:51.796 INFO [restartedMain][RepositoryConfigurationExtensionSupport.java:283] - Spring Data Redis - Could not safely identify store assignment for repository candidate interface com.liyang.domain.moments.ImageRepository.s
2018-03-05 09:31:51.797 INFO [restartedMain][RepositoryConfigurationExtensionSupport.java:283] - Spring Data Redis - Could not safely identify store assignment for repository candidate interface com.liyang.domain.temporaryresult.TemporaryResultRepository.s
2018-03-05 09:31:51.799 INFO [restartedMain][RepositoryConfigurationExtensionSupport.java:283] - Spring Data Redis - Could not safely identify store assignment for repository candidate interface com.liyang.domain.platform.PlatformRepository.s
2018-03-05 09:31:51.800 INFO [restartedMain][RepositoryConfigurationExtensionSupport.java:283] - Spring Data Redis - Could not safely identify store assignment for repository candidate interface com.liyang.domain.webadvertisetype.WebAdvertiseTypeStateRepository.s
2018-03-05 09:31:51.801 INFO [restartedMain][RepositoryConfigurationExtensionSupport.java:283] - Spring Data Redis - Could not safely identify store assignment for repository candidate interface com.liyang.domain.moments.MomentsActRepository.s
2018-03-05 09:31:51.802 INFO [restartedMain][RepositoryConfigurationExtensionSupport.java:283] - Spring Data Redis - Could not safely identify store assignment for repository candidate interface com.liyang.domain.dafengapi.DafengApiCustomerStateRepository.s
2018-03-05 09:31:51.803 INFO [restartedMain][RepositoryConfigurationExtensionSupport.java:283] - Spring Data Redis - Could not safely identify store assignment for repository candidate interface com.liyang.domain.team.TeamLogRepository.s
2018-03-05 09:31:51.804 INFO [restartedMain][RepositoryConfigurationExtensionSupport.java:283] - Spring Data Redis - Could not safely identify store assignment for repository candidate interface com.liyang.domain.user.UserActRepository.s
2018-03-05 09:31:51.804 INFO [restartedMain][RepositoryConfigurationExtensionSupport.java:283] - Spring Data Redis - Could not safely identify store assignment for repository candidate interface com.liyang.domain.underwritingresult.UnderwritingResultRepository.s
2018-03-05 09:31:51.806 INFO [restartedMain][RepositoryConfigurationExtensionSupport.java:283] - Spring Data Redis - Could not safely identify store assignment for repository candidate interface com.liyang.domain.insurercompany.InsureCompanyActRepository.s
2018-03-05 09:31:51.807 INFO [restartedMain][RepositoryConfigurationExtensionSupport.java:283] - Spring Data Redis - Could not safely identify store assignment for repository candidate interface com.liyang.domain.webadvertisetype.WebAdvertiseTypeLogRepository.s
2018-03-05 09:31:51.808 INFO [restartedMain][RepositoryConfigurationExtensionSupport.java:283] - Spring Data Redis - Could not safely identify store assignment for repository candidate interface com.liyang.domain.teamobjective.TeamObjectiveStateRepository.s
2018-03-05 09:31:51.808 INFO [restartedMain][RepositoryConfigurationExtensionSupport.java:283] - Spring Data Redis - Could not safely identify store assignment for repository candidate interface com.liyang.domain.moments.PersonInfoRepository.s
2018-03-05 09:31:51.809 INFO [restartedMain][RepositoryConfigurationExtensionSupport.java:283] - Spring Data Redis - Could not safely identify store assignment for repository candidate interface com.liyang.domain.customer.CustomerStateRepository.s
2018-03-05 09:31:51.810 INFO [restartedMain][RepositoryConfigurationExtensionSupport.java:283] - Spring Data Redis - Could not safely identify store assignment for repository candidate interface com.liyang.domain.submitproposal.SubmitProposalWorkflowRepository.s
2018-03-05 09:31:51.811 INFO [restartedMain][RepositoryConfigurationExtensionSupport.java:283] - Spring Data Redis - Could not safely identify store assignment for repository candidate interface com.liyang.domain.banner.BannerStateRepository.s
2018-03-05 09:31:51.812 INFO [restartedMain][RepositoryConfigurationExtensionSupport.java:283] - Spring Data Redis - Could not safely identify store assignment for repository candidate interface com.liyang.domain.role.RoleLogRepository.s
2018-03-05 09:31:51.813 INFO [restartedMain][RepositoryConfigurationExtensionSupport.java:283] - Spring Data Redis - Could not safely identify store assignment for repository candidate interface com.liyang.domain.journal.JournalStateRepository.s
2018-03-05 09:31:51.814 INFO [restartedMain][RepositoryConfigurationExtensionSupport.java:283] - Spring Data Redis - Could not safely identify store assignment for repository candidate interface com.liyang.domain.submitproposal.SubmitProposalStateRepository.s
2018-03-05 09:31:51.815 INFO [restartedMain][RepositoryConfigurationExtensionSupport.java:283] - Spring Data Redis - Could not safely identify store assignment for repository candidate interface com.liyang.domain.team.TeamStateRepository.s
2018-03-05 09:31:51.816 INFO [restartedMain][RepositoryConfigurationExtensionSupport.java:283] - Spring Data Redis - Could not safely identify store assignment for repository candidate interface com.liyang.domain.customer.CustomerRepository.s
2018-03-05 09:31:51.817 INFO [restartedMain][RepositoryConfigurationExtensionSupport.java:283] - Spring Data Redis - Could not safely identify store assignment for repository candidate interface com.liyang.domain.productcompany.ProductCompanyStateRepository.s
2018-03-05 09:31:51.818 INFO [restartedMain][RepositoryConfigurationExtensionSupport.java:283] - Spring Data Redis - Could not safely identify store assignment for repository candidate interface com.liyang.domain.teamadvertise.TeamAdvertiseLogRepository.s
2018-03-05 09:31:51.819 INFO [restartedMain][RepositoryConfigurationExtensionSupport.java:283] - Spring Data Redis - Could not safely identify store assignment for repository candidate interface com.liyang.domain.teamadvertise.TeamAdvertiseActRepository.s
2018-03-05 09:31:51.820 INFO [restartedMain][RepositoryConfigurationExtensionSupport.java:283] - Spring Data Redis - Could not safely identify store assignment for repository candidate interface com.liyang.domain.otherInsure.OtherInsureStateRepository.s
2018-03-05 09:31:51.821 INFO [restartedMain][RepositoryConfigurationExtensionSupport.java:283] - Spring Data Redis - Could not safely identify store assignment for repository candidate interface com.liyang.domain.salesman.SalesmanActRepository.s
2018-03-05 09:31:51.821 INFO [restartedMain][RepositoryConfigurationExtensionSupport.java:283] - Spring Data Redis - Could not safely identify store assignment for repository candidate interface com.liyang.domain.timgroup.TIMGroupActRepository.s
2018-03-05 09:31:51.822 INFO [restartedMain][RepositoryConfigurationExtensionSupport.java:283] - Spring Data Redis - Could not safely identify store assignment for repository candidate interface com.liyang.domain.team.TeamActRepository.s
2018-03-05 09:31:51.823 INFO [restartedMain][RepositoryConfigurationExtensionSupport.java:283] - Spring Data Redis - Could not safely identify store assignment for repository candidate interface com.liyang.domain.moments.MomentsLogRepository.s
2018-03-05 09:31:51.824 INFO [restartedMain][RepositoryConfigurationExtensionSupport.java:283] - Spring Data Redis - Could not safely identify store assignment for repository candidate interface com.liyang.domain.webadvertisetype.WebAdvertiseTypeActRepository.s
2018-03-05 09:31:51.824 INFO [restartedMain][RepositoryConfigurationExtensionSupport.java:283] - Spring Data Redis - Could not safely identify store assignment for repository candidate interface com.liyang.domain.teamadvertise.TeamAdvertiseStateRepository.s
2018-03-05 09:31:51.825 INFO [restartedMain][RepositoryConfigurationExtensionSupport.java:283] - Spring Data Redis - Could not safely identify store assignment for repository candidate interface com.liyang.domain.claimmatch.ClaimMatchRepository.s
2018-03-05 09:31:51.826 INFO [restartedMain][RepositoryConfigurationExtensionSupport.java:283] - Spring Data Redis - Could not safely identify store assignment for repository candidate interface com.liyang.domain.product.ProductLogRepository.s
2018-03-05 09:31:51.826 INFO [restartedMain][RepositoryConfigurationExtensionSupport.java:283] - Spring Data Redis - Could not safely identify store assignment for repository candidate interface com.liyang.domain.user.UserLogRepository.s
2018-03-05 09:31:51.827 INFO [restartedMain][RepositoryConfigurationExtensionSupport.java:283] - Spring Data Redis - Could not safely identify store assignment for repository candidate interface com.liyang.domain.offerresult.OfferResultRepository.s
2018-03-05 09:31:51.827 INFO [restartedMain][RepositoryConfigurationExtensionSupport.java:283] - Spring Data Redis - Could not safely identify store assignment for repository candidate interface com.liyang.domain.departmenttype.DepartmenttypeStateRepository.s
2018-03-05 09:31:51.828 INFO [restartedMain][RepositoryConfigurationExtensionSupport.java:283] - Spring Data Redis - Could not safely identify store assignment for repository candidate interface com.liyang.domain.departmenttype.DepartmenttypeRepository.s
2018-03-05 09:31:51.829 INFO [restartedMain][RepositoryConfigurationExtensionSupport.java:283] - Spring Data Redis - Could not safely identify store assignment for repository candidate interface com.liyang.domain.submitproposal.SubmitProposalLogRepository.s
2018-03-05 09:31:51.830 INFO [restartedMain][RepositoryConfigurationExtensionSupport.java:283] - Spring Data Redis - Could not safely identify store assignment for repository candidate interface com.liyang.domain.advertise.AdvertiseRepository.s
2018-03-05 09:31:51.831 INFO [restartedMain][RepositoryConfigurationExtensionSupport.java:283] - Spring Data Redis - Could not safely identify store assignment for repository candidate interface com.liyang.domain.createenquiry.CreateEnquiryFileRepository.s
2018-03-05 09:31:51.832 INFO [restartedMain][RepositoryConfigurationExtensionSupport.java:283] - Spring Data Redis - Could not safely identify store assignment for repository candidate interface com.liyang.domain.poster.PosterLogRepository.s
2018-03-05 09:31:51.833 INFO [restartedMain][RepositoryConfigurationExtensionSupport.java:283] - Spring Data Redis - Could not safely identify store assignment for repository candidate interface com.liyang.domain.user.UserRepository.s
2018-03-05 09:31:51.833 INFO [restartedMain][RepositoryConfigurationExtensionSupport.java:283] - Spring Data Redis - Could not safely identify store assignment for repository candidate interface com.liyang.domain.menu.MenuLogRepository.s
2018-03-05 09:31:51.834 INFO [restartedMain][RepositoryConfigurationExtensionSupport.java:283] - Spring Data Redis - Could not safely identify store assignment for repository candidate interface com.liyang.domain.carModel.CarModelRepository.s
2018-03-05 09:31:52.749 INFO [restartedMain][PostProcessorRegistrationDelegate.java:325] - Bean 'org.springframework.security.config.annotation.configuration.ObjectPostProcessorConfiguration' of type [org.springframework.security.config.annotation.configuration.ObjectPostProcessorConfiguration$$EnhancerBySpringCGLIB$$c5d1ee59] is not eligible for getting processed by all BeanPostProcessors (for example: not eligible for auto-proxying)s
2018-03-05 09:31:53.036 INFO [restartedMain][PostProcessorRegistrationDelegate.java:325] - Bean 'objectPostProcessor' of type [org.springframework.security.config.annotation.configuration.AutowireBeanFactoryObjectPostProcessor] is not eligible for getting processed by all BeanPostProcessors (for example: not eligible for auto-proxying)s
2018-03-05 09:31:53.043 INFO [restartedMain][PostProcessorRegistrationDelegate.java:325] - Bean 'org.springframework.security.access.expression.method.DefaultMethodSecurityExpressionHandler@59be118' of type [org.springframework.security.access.expression.method.DefaultMethodSecurityExpressionHandler] is not eligible for getting processed by all BeanPostProcessors (for example: not eligible for auto-proxying)s
2018-03-05 09:31:53.060 INFO [restartedMain][PostProcessorRegistrationDelegate.java:325] - Bean 'org.springframework.security.config.annotation.method.configuration.GlobalMethodSecurityConfiguration' of type [org.springframework.security.config.annotation.method.configuration.GlobalMethodSecurityConfiguration$$EnhancerBySpringCGLIB$$eaa6910b] is not eligible for getting processed by all BeanPostProcessors (for example: not eligible for auto-proxying)s
2018-03-05 09:31:53.093 INFO [restartedMain][PostProcessorRegistrationDelegate.java:325] - Bean 'methodSecurityMetadataSource' of type [org.springframework.security.access.method.DelegatingMethodSecurityMetadataSource] is not eligible for getting processed by all BeanPostProcessors (for example: not eligible for auto-proxying)s
2018-03-05 09:31:53.111 INFO [restartedMain][PostProcessorRegistrationDelegate.java:325] - Bean 'org.springframework.transaction.annotation.ProxyTransactionManagementConfiguration' of type [org.springframework.transaction.annotation.ProxyTransactionManagementConfiguration$$EnhancerBySpringCGLIB$$2d24261f] is not eligible for getting processed by all BeanPostProcessors (for example: not eligible for auto-proxying)s
2018-03-05 09:31:53.172 INFO [restartedMain][PostProcessorRegistrationDelegate.java:325] - Bean 'redisConfig' of type [com.liyang.config.RedisConfig$$EnhancerBySpringCGLIB$$b04e73d8] is not eligible for getting processed by all BeanPostProcessors (for example: not eligible for auto-proxying)s
2018-03-05 09:31:53.193 INFO [restartedMain][PostProcessorRegistrationDelegate.java:325] - Bean 'org.springframework.cache.annotation.ProxyCachingConfiguration' of type [org.springframework.cache.annotation.ProxyCachingConfiguration$$EnhancerBySpringCGLIB$$76365c3d] is not eligible for getting processed by all BeanPostProcessors (for example: not eligible for auto-proxying)s
2018-03-05 09:31:54.224 INFO [restartedMain][TomcatEmbeddedServletContainer.java:89] - Tomcat initialized with port(s): 80 (http)s
2018-03-05 09:31:54.242 INFO [restartedMain][DirectJDKLog.java:179] - Starting service Tomcats
2018-03-05 09:31:54.245 INFO [restartedMain][DirectJDKLog.java:179] - Starting Servlet Engine: Apache Tomcat/8.5.13s
2018-03-05 09:31:54.400 INFO [localhost-startStop-1][DirectJDKLog.java:179] - Initializing Spring embedded WebApplicationContexts
2018-03-05 09:31:54.401 INFO [localhost-startStop-1][EmbeddedWebApplicationContext.java:276] - Root WebApplicationContext: initialization completed in 8673 mss
2018-03-05 09:31:56.138 INFO [localhost-startStop-1][LocalContainerEntityManagerFactoryBean.java:349] - Building JPA container EntityManagerFactory for persistence unit 'default's
2018-03-05 09:31:56.163 INFO [localhost-startStop-1][LogHelper.java:31] - HHH000204: Processing PersistenceUnitInfo [
	name: default
	...]s
2018-03-05 09:31:56.276 INFO [localhost-startStop-1][Version.java:37] - HHH000412: Hibernate Core {5.0.12.Final}s
2018-03-05 09:31:56.280 INFO [localhost-startStop-1][Environment.java:213] - HHH000206: hibernate.properties not founds
2018-03-05 09:31:56.282 INFO [localhost-startStop-1][Environment.java:317] - HHH000021: Bytecode provider name : javassists
2018-03-05 09:31:56.359 INFO [localhost-startStop-1][JavaReflectionManager.java:66] - HCANN000001: Hibernate Commons Annotations {5.0.1.Final}s
2018-03-05 09:31:57.043 INFO [localhost-startStop-1][Dialect.java:156] - HHH000400: Using dialect: org.hibernate.dialect.MySQL5InnoDBDialects
2018-03-05 09:32:01.283 INFO [localhost-startStop-1][AbstractEntityManagerFactoryBean.java:379] - Initialized JPA EntityManagerFactory for persistence unit 'default's
2018-03-05 09:32:07.689 INFO [localhost-startStop-1][QueryTranslatorFactoryInitiator.java:47] - HHH000397: Using ASTQueryTranslatorFactorys
2018-03-05 09:32:14.340 INFO [localhost-startStop-1][CglibAopProxy.java:268] - Final method [public final java.lang.Boolean com.liyang.service.AbstractAuditorService.canAct(com.liyang.domain.base.AbstractAuditorEntity,java.lang.String)] cannot get proxied via CGLIB: Calls to this method will NOT be routed to the target instance and might lead to NPEs against uninitialized fields in the proxy instance.s
2018-03-05 09:32:14.341 INFO [localhost-startStop-1][CglibAopProxy.java:268] - Final method [public final void com.liyang.service.AbstractAuditorService.canUpdateByOthers(com.liyang.domain.base.AbstractAuditorEntity,com.liyang.domain.base.AbstractAuditorAct)] cannot get proxied via CGLIB: Calls to this method will NOT be routed to the target instance and might lead to NPEs against uninitialized fields in the proxy instance.s
2018-03-05 09:32:14.555 INFO [localhost-startStop-1][AbstractFilterRegistrationBean.java:258] - Mapping filter: 'characterEncodingFilter' to: [/*]s
2018-03-05 09:32:14.555 INFO [localhost-startStop-1][AbstractFilterRegistrationBean.java:258] - Mapping filter: 'springSessionRepositoryFilter' to: [/*]s
2018-03-05 09:32:14.555 INFO [localhost-startStop-1][AbstractFilterRegistrationBean.java:258] - Mapping filter: 'hiddenHttpMethodFilter' to: [/*]s
2018-03-05 09:32:14.555 INFO [localhost-startStop-1][AbstractFilterRegistrationBean.java:258] - Mapping filter: 'httpPutFormContentFilter' to: [/*]s
2018-03-05 09:32:14.556 INFO [localhost-startStop-1][AbstractFilterRegistrationBean.java:258] - Mapping filter: 'requestContextFilter' to: [/*]s
2018-03-05 09:32:14.557 INFO [localhost-startStop-1][AbstractFilterRegistrationBean.java:258] - Mapping filter: 'springSecurityFilterChain' to: [/*]s
2018-03-05 09:32:14.557 INFO [localhost-startStop-1][AbstractFilterRegistrationBean.java:258] - Mapping filter: 'wechatAuthenticationFilter' to: [/*]s
2018-03-05 09:32:14.557 INFO [localhost-startStop-1][ServletRegistrationBean.java:190] - Mapping servlet: 'dispatcherServlet' to [/]s
2018-03-05 09:32:14.917 INFO [restartedMain][CglibAopProxy.java:268] - Final method [public final java.lang.Boolean com.liyang.service.AbstractAuditorService.canAct(com.liyang.domain.base.AbstractAuditorEntity,java.lang.String)] cannot get proxied via CGLIB: Calls to this method will NOT be routed to the target instance and might lead to NPEs against uninitialized fields in the proxy instance.s
2018-03-05 09:32:14.917 INFO [restartedMain][CglibAopProxy.java:268] - Final method [public final void com.liyang.service.AbstractAuditorService.canUpdateByOthers(com.liyang.domain.base.AbstractAuditorEntity,com.liyang.domain.base.AbstractAuditorAct)] cannot get proxied via CGLIB: Calls to this method will NOT be routed to the target instance and might lead to NPEs against uninitialized fields in the proxy instance.s
2018-03-05 09:32:15.053 INFO [restartedMain][CglibAopProxy.java:268] - Final method [public final java.lang.Boolean com.liyang.service.AbstractAuditorService.canAct(com.liyang.domain.base.AbstractAuditorEntity,java.lang.String)] cannot get proxied via CGLIB: Calls to this method will NOT be routed to the target instance and might lead to NPEs against uninitialized fields in the proxy instance.s
2018-03-05 09:32:15.053 INFO [restartedMain][CglibAopProxy.java:268] - Final method [public final void com.liyang.service.AbstractAuditorService.canUpdateByOthers(com.liyang.domain.base.AbstractAuditorEntity,com.liyang.domain.base.AbstractAuditorAct)] cannot get proxied via CGLIB: Calls to this method will NOT be routed to the target instance and might lead to NPEs against uninitialized fields in the proxy instance.s
2018-03-05 09:32:15.198 INFO [restartedMain][CglibAopProxy.java:268] - Final method [public final java.lang.Boolean com.liyang.service.AbstractAuditorService.canAct(com.liyang.domain.base.AbstractAuditorEntity,java.lang.String)] cannot get proxied via CGLIB: Calls to this method will NOT be routed to the target instance and might lead to NPEs against uninitialized fields in the proxy instance.s
2018-03-05 09:32:15.198 INFO [restartedMain][CglibAopProxy.java:268] - Final method [public final void com.liyang.service.AbstractAuditorService.canUpdateByOthers(com.liyang.domain.base.AbstractAuditorEntity,com.liyang.domain.base.AbstractAuditorAct)] cannot get proxied via CGLIB: Calls to this method will NOT be routed to the target instance and might lead to NPEs against uninitialized fields in the proxy instance.s
2018-03-05 09:32:15.434 INFO [restartedMain][CglibAopProxy.java:268] - Final method [public final java.lang.Boolean com.liyang.service.AbstractAuditorService.canAct(com.liyang.domain.base.AbstractAuditorEntity,java.lang.String)] cannot get proxied via CGLIB: Calls to this method will NOT be routed to the target instance and might lead to NPEs against uninitialized fields in the proxy instance.s
2018-03-05 09:32:15.435 INFO [restartedMain][CglibAopProxy.java:268] - Final method [public final void com.liyang.service.AbstractAuditorService.canUpdateByOthers(com.liyang.domain.base.AbstractAuditorEntity,com.liyang.domain.base.AbstractAuditorAct)] cannot get proxied via CGLIB: Calls to this method will NOT be routed to the target instance and might lead to NPEs against uninitialized fields in the proxy instance.s
2018-03-05 09:32:15.835 INFO [restartedMain][AbstractEntityManagerFactoryBean.java:548] - Closing JPA EntityManagerFactory for persistence unit 'default's
2018-03-05 09:32:15.846 INFO [restartedMain][DirectJDKLog.java:179] - Stopping service Tomcats
2018-03-05 09:32:15.866 INFO [restartedMain][AutoConfigurationReportLoggingInitializer.java:101] - 

Error starting ApplicationContext. To display the auto-configuration report re-run your application with 'debug' enabled.s
