2018-03-06 00:00:02.402 INFO [pool-2-thread-1][Jobs.java:73] - 【自动改变结算中状态为已结算，Id:s
2018-03-06 12:04:23.625 INFO [restartedMain][StartupInfoLogger.java:48] - Starting Application on PC-201707072145 with PID 1092 (D:\phpStudy\WWW\dafeng\target\classes started by Administrator in D:\phpStudy\WWW\dafeng)s
2018-03-06 12:04:23.627 INFO [restartedMain][SpringApplication.java:666] - The following profiles are active: locals
2018-03-06 12:04:23.824 INFO [background-preinit][Version.java:30] - HV000001: Hibernate Validator 5.2.5.Finals
2018-03-06 12:04:24.014 INFO [restartedMain][AbstractApplicationContext.java:582] - Refreshing org.springframework.boot.context.embedded.AnnotationConfigEmbeddedWebApplicationContext@242a3b5d: startup date [Tue Mar 06 12:04:24 CST 2018]; root of context hierarchys
2018-03-06 12:04:26.309 INFO [restartedMain][RepositoryConfigurationDelegate.java:170] - Multiple Spring Data modules found, entering strict repository configuration mode!s
2018-03-06 12:04:29.206 INFO [restartedMain][RepositoryConfigurationDelegate.java:170] - Multiple Spring Data modules found, entering strict repository configuration mode!s
2018-03-06 12:04:29.590 INFO [restartedMain][RepositoryConfigurationExtensionSupport.java:283] - Spring Data Redis - Could not safely identify store assignment for repository candidate interface com.liyang.domain.timgroup.TIMGroupRepository.s
2018-03-06 12:04:29.591 INFO [restartedMain][RepositoryConfigurationExtensionSupport.java:283] - Spring Data Redis - Could not safely identify store assignment for repository candidate interface com.liyang.domain.dafengapi.DafengApiCustomerLogRepository.s
2018-03-06 12:04:29.592 INFO [restartedMain][RepositoryConfigurationExtensionSupport.java:283] - Spring Data Redis - Could not safely identify store assignment for repository candidate interface com.liyang.domain.department.DepartmentActRepository.s
2018-03-06 12:04:29.593 INFO [restartedMain][RepositoryConfigurationExtensionSupport.java:283] - Spring Data Redis - Could not safely identify store assignment for repository candidate interface com.liyang.domain.address.AddressLogRepository.s
2018-03-06 12:04:29.595 INFO [restartedMain][RepositoryConfigurationExtensionSupport.java:283] - Spring Data Redis - Could not safely identify store assignment for repository candidate interface com.liyang.domain.user.UserStateRepository.s
2018-03-06 12:04:29.596 INFO [restartedMain][RepositoryConfigurationExtensionSupport.java:283] - Spring Data Redis - Could not safely identify store assignment for repository candidate interface com.liyang.domain.insuranceresult.InsuranceResultFileRepository.s
2018-03-06 12:04:29.597 INFO [restartedMain][RepositoryConfigurationExtensionSupport.java:283] - Spring Data Redis - Could not safely identify store assignment for repository candidate interface com.liyang.domain.timgroup.TIMGroupStateRepository.s
2018-03-06 12:04:29.597 INFO [restartedMain][RepositoryConfigurationExtensionSupport.java:283] - Spring Data Redis - Could not safely identify store assignment for repository candidate interface com.liyang.domain.identify.IdentifyRepository.s
2018-03-06 12:04:29.598 INFO [restartedMain][RepositoryConfigurationExtensionSupport.java:283] - Spring Data Redis - Could not safely identify store assignment for repository candidate interface com.liyang.domain.product.ProductStateRepository.s
2018-03-06 12:04:29.600 INFO [restartedMain][RepositoryConfigurationExtensionSupport.java:283] - Spring Data Redis - Could not safely identify store assignment for repository candidate interface com.liyang.domain.productcompany.ProductCompanyRepository.s
2018-03-06 12:04:29.601 INFO [restartedMain][RepositoryConfigurationExtensionSupport.java:283] - Spring Data Redis - Could not safely identify store assignment for repository candidate interface com.liyang.domain.insuranceresult.InsuranceResultActRepository.s
2018-03-06 12:04:29.603 INFO [restartedMain][RepositoryConfigurationExtensionSupport.java:283] - Spring Data Redis - Could not safely identify store assignment for repository candidate interface com.liyang.domain.insuranceresult.InsuranceResultRepository.s
2018-03-06 12:04:29.604 INFO [restartedMain][RepositoryConfigurationExtensionSupport.java:283] - Spring Data Redis - Could not safely identify store assignment for repository candidate interface com.liyang.domain.perbusinesscard.PerBusinessCardLogRepository.s
2018-03-06 12:04:29.604 INFO [restartedMain][RepositoryConfigurationExtensionSupport.java:283] - Spring Data Redis - Could not safely identify store assignment for repository candidate interface com.liyang.domain.upgradeapply.UpgradeApplyRepository.s
2018-03-06 12:04:29.605 INFO [restartedMain][RepositoryConfigurationExtensionSupport.java:283] - Spring Data Redis - Could not safely identify store assignment for repository candidate interface com.liyang.domain.authority.AuthorityRepository.s
2018-03-06 12:04:29.606 INFO [restartedMain][RepositoryConfigurationExtensionSupport.java:283] - Spring Data Redis - Could not safely identify store assignment for repository candidate interface com.liyang.domain.exception.ExceptionRepository.s
2018-03-06 12:04:29.607 INFO [restartedMain][RepositoryConfigurationExtensionSupport.java:283] - Spring Data Redis - Could not safely identify store assignment for repository candidate interface com.liyang.domain.role.RoleStateRepository.s
2018-03-06 12:04:29.608 INFO [restartedMain][RepositoryConfigurationExtensionSupport.java:283] - Spring Data Redis - Could not safely identify store assignment for repository candidate interface com.liyang.domain.department.DepartmentLogRepository.s
2018-03-06 12:04:29.609 INFO [restartedMain][RepositoryConfigurationExtensionSupport.java:283] - Spring Data Redis - Could not safely identify store assignment for repository candidate interface com.liyang.domain.createenquiry.CreateEnquiryLogRepository.s
2018-03-06 12:04:29.610 INFO [restartedMain][RepositoryConfigurationExtensionSupport.java:283] - Spring Data Redis - Could not safely identify store assignment for repository candidate interface com.liyang.domain.claimPolicyRewards.ClaimPolicyRewardStateRepository.s
2018-03-06 12:04:29.612 INFO [restartedMain][RepositoryConfigurationExtensionSupport.java:283] - Spring Data Redis - Could not safely identify store assignment for repository candidate interface com.liyang.domain.teamobjective.TeamObjectiveRepository.s
2018-03-06 12:04:29.613 INFO [restartedMain][RepositoryConfigurationExtensionSupport.java:283] - Spring Data Redis - Could not safely identify store assignment for repository candidate interface com.liyang.domain.departmenttype.DepartmenttypeLogRepository.s
2018-03-06 12:04:29.613 INFO [restartedMain][RepositoryConfigurationExtensionSupport.java:283] - Spring Data Redis - Could not safely identify store assignment for repository candidate interface com.liyang.domain.perbusinesscard.PerDetailsRepository.s
2018-03-06 12:04:29.614 INFO [restartedMain][RepositoryConfigurationExtensionSupport.java:283] - Spring Data Redis - Could not safely identify store assignment for repository candidate interface com.liyang.domain.querylatestpolicy.QueryLatestPolicyRepository.s
2018-03-06 12:04:29.615 INFO [restartedMain][RepositoryConfigurationExtensionSupport.java:283] - Spring Data Redis - Could not safely identify store assignment for repository candidate interface com.liyang.domain.submitproposal.SubmitProposalFileRepository.s
2018-03-06 12:04:29.616 INFO [restartedMain][RepositoryConfigurationExtensionSupport.java:283] - Spring Data Redis - Could not safely identify store assignment for repository candidate interface com.liyang.domain.product.ProductRepository.s
2018-03-06 12:04:29.617 INFO [restartedMain][RepositoryConfigurationExtensionSupport.java:283] - Spring Data Redis - Could not safely identify store assignment for repository candidate interface com.liyang.domain.salesman.SalesmanStateRepository.s
2018-03-06 12:04:29.618 INFO [restartedMain][RepositoryConfigurationExtensionSupport.java:283] - Spring Data Redis - Could not safely identify store assignment for repository candidate interface com.liyang.domain.insuranceresult.InsuranceResultLogRepository.s
2018-03-06 12:04:29.619 INFO [restartedMain][RepositoryConfigurationExtensionSupport.java:283] - Spring Data Redis - Could not safely identify store assignment for repository candidate interface com.liyang.domain.department.DepartmentRepository.s
2018-03-06 12:04:29.621 INFO [restartedMain][RepositoryConfigurationExtensionSupport.java:283] - Spring Data Redis - Could not safely identify store assignment for repository candidate interface com.liyang.domain.user.UserFileRepository.s
2018-03-06 12:04:29.622 INFO [restartedMain][RepositoryConfigurationExtensionSupport.java:283] - Spring Data Redis - Could not safely identify store assignment for repository candidate interface com.liyang.domain.moments.MomentsRepository.s
2018-03-06 12:04:29.623 INFO [restartedMain][RepositoryConfigurationExtensionSupport.java:283] - Spring Data Redis - Could not safely identify store assignment for repository candidate interface com.liyang.domain.moments.MomentsStateRepository.s
2018-03-06 12:04:29.624 INFO [restartedMain][RepositoryConfigurationExtensionSupport.java:283] - Spring Data Redis - Could not safely identify store assignment for repository candidate interface com.liyang.domain.otherInsure.OtherInsureActRepository.s
2018-03-06 12:04:29.625 INFO [restartedMain][RepositoryConfigurationExtensionSupport.java:283] - Spring Data Redis - Could not safely identify store assignment for repository candidate interface com.liyang.domain.role.RoleActRepository.s
2018-03-06 12:04:29.627 INFO [restartedMain][RepositoryConfigurationExtensionSupport.java:283] - Spring Data Redis - Could not safely identify store assignment for repository candidate interface com.liyang.domain.menu.MenuStateRepository.s
2018-03-06 12:04:29.628 INFO [restartedMain][RepositoryConfigurationExtensionSupport.java:283] - Spring Data Redis - Could not safely identify store assignment for repository candidate interface com.liyang.domain.banner.BannerRepository.s
2018-03-06 12:04:29.629 INFO [restartedMain][RepositoryConfigurationExtensionSupport.java:283] - Spring Data Redis - Could not safely identify store assignment for repository candidate interface com.liyang.domain.product.ProductActRepository.s
2018-03-06 12:04:29.630 INFO [restartedMain][RepositoryConfigurationExtensionSupport.java:283] - Spring Data Redis - Could not safely identify store assignment for repository candidate interface com.liyang.domain.dafengapi.DafengApiCustomerActRepository.s
2018-03-06 12:04:29.631 INFO [restartedMain][RepositoryConfigurationExtensionSupport.java:283] - Spring Data Redis - Could not safely identify store assignment for repository candidate interface com.liyang.domain.department.DepartmentStateRepository.s
2018-03-06 12:04:29.631 INFO [restartedMain][RepositoryConfigurationExtensionSupport.java:283] - Spring Data Redis - Could not safely identify store assignment for repository candidate interface com.liyang.domain.timgroup.TIMGroupLogRepository.s
2018-03-06 12:04:29.632 INFO [restartedMain][RepositoryConfigurationExtensionSupport.java:283] - Spring Data Redis - Could not safely identify store assignment for repository candidate interface com.liyang.domain.banner.BannerActRepository.s
2018-03-06 12:04:29.632 INFO [restartedMain][RepositoryConfigurationExtensionSupport.java:283] - Spring Data Redis - Could not safely identify store assignment for repository candidate interface com.liyang.domain.address.AddressActRepository.s
2018-03-06 12:04:29.634 INFO [restartedMain][RepositoryConfigurationExtensionSupport.java:283] - Spring Data Redis - Could not safely identify store assignment for repository candidate interface com.liyang.domain.menu.MenuRepository.s
2018-03-06 12:04:29.635 INFO [restartedMain][RepositoryConfigurationExtensionSupport.java:283] - Spring Data Redis - Could not safely identify store assignment for repository candidate interface com.liyang.domain.productcompany.ProductCompanyLogRepository.s
2018-03-06 12:04:29.636 INFO [restartedMain][RepositoryConfigurationExtensionSupport.java:283] - Spring Data Redis - Could not safely identify store assignment for repository candidate interface com.liyang.domain.journal.JournalLogRepository.s
2018-03-06 12:04:29.638 INFO [restartedMain][RepositoryConfigurationExtensionSupport.java:283] - Spring Data Redis - Could not safely identify store assignment for repository candidate interface com.liyang.domain.user.UserWorkflowRepository.s
2018-03-06 12:04:29.639 INFO [restartedMain][RepositoryConfigurationExtensionSupport.java:283] - Spring Data Redis - Could not safely identify store assignment for repository candidate interface com.liyang.domain.productcompany.ProductCompanyActRepository.s
2018-03-06 12:04:29.640 INFO [restartedMain][RepositoryConfigurationExtensionSupport.java:283] - Spring Data Redis - Could not safely identify store assignment for repository candidate interface com.liyang.domain.insuranceresult.InsuranceResultWorkflowRepository.s
2018-03-06 12:04:29.642 INFO [restartedMain][RepositoryConfigurationExtensionSupport.java:283] - Spring Data Redis - Could not safely identify store assignment for repository candidate interface com.liyang.domain.salesman.SalesmanLogRepository.s
2018-03-06 12:04:29.643 INFO [restartedMain][RepositoryConfigurationExtensionSupport.java:283] - Spring Data Redis - Could not safely identify store assignment for repository candidate interface com.liyang.domain.claimPolicyRewards.ClaimPolicyRewardLogRepository.s
2018-03-06 12:04:29.644 INFO [restartedMain][RepositoryConfigurationExtensionSupport.java:283] - Spring Data Redis - Could not safely identify store assignment for repository candidate interface com.liyang.domain.address.AddressStateRepository.s
2018-03-06 12:04:29.645 INFO [restartedMain][RepositoryConfigurationExtensionSupport.java:283] - Spring Data Redis - Could not safely identify store assignment for repository candidate interface com.liyang.domain.insurercompany.InsureCompanyStateRepository.s
2018-03-06 12:04:29.645 INFO [restartedMain][RepositoryConfigurationExtensionSupport.java:283] - Spring Data Redis - Could not safely identify store assignment for repository candidate interface com.liyang.domain.webadvertisetype.WebAdvertiseTypeRepository.s
2018-03-06 12:04:29.647 INFO [restartedMain][RepositoryConfigurationExtensionSupport.java:283] - Spring Data Redis - Could not safely identify store assignment for repository candidate interface com.liyang.domain.insuranceresult.InsuranceResultStateRepository.s
2018-03-06 12:04:29.648 INFO [restartedMain][RepositoryConfigurationExtensionSupport.java:283] - Spring Data Redis - Could not safely identify store assignment for repository candidate interface com.liyang.domain.salesman.SalesmanRepository.s
2018-03-06 12:04:29.649 INFO [restartedMain][RepositoryConfigurationExtensionSupport.java:283] - Spring Data Redis - Could not safely identify store assignment for repository candidate interface com.liyang.domain.role.RoleRepository.s
2018-03-06 12:04:29.650 INFO [restartedMain][RepositoryConfigurationExtensionSupport.java:283] - Spring Data Redis - Could not safely identify store assignment for repository candidate interface com.liyang.domain.submitproposal.SubmitProposalRepository.s
2018-03-06 12:04:29.651 INFO [restartedMain][RepositoryConfigurationExtensionSupport.java:283] - Spring Data Redis - Could not safely identify store assignment for repository candidate interface com.liyang.domain.feedback.FeedbackRepository.s
2018-03-06 12:04:29.652 INFO [restartedMain][RepositoryConfigurationExtensionSupport.java:283] - Spring Data Redis - Could not safely identify store assignment for repository candidate interface com.liyang.domain.customer.CustomerLogRepository.s
2018-03-06 12:04:29.653 INFO [restartedMain][RepositoryConfigurationExtensionSupport.java:283] - Spring Data Redis - Could not safely identify store assignment for repository candidate interface com.liyang.domain.teamobjective.TeamObjectiveActRepository.s
2018-03-06 12:04:29.653 INFO [restartedMain][RepositoryConfigurationExtensionSupport.java:283] - Spring Data Redis - Could not safely identify store assignment for repository candidate interface com.liyang.domain.address.AddressRepository.s
2018-03-06 12:04:29.654 INFO [restartedMain][RepositoryConfigurationExtensionSupport.java:283] - Spring Data Redis - Could not safely identify store assignment for repository candidate interface com.liyang.domain.poster.PosterStateRepository.s
2018-03-06 12:04:29.654 INFO [restartedMain][RepositoryConfigurationExtensionSupport.java:283] - Spring Data Redis - Could not safely identify store assignment for repository candidate interface com.liyang.domain.advertise.AdvertiseActRepository.s
2018-03-06 12:04:29.655 INFO [restartedMain][RepositoryConfigurationExtensionSupport.java:283] - Spring Data Redis - Could not safely identify store assignment for repository candidate interface com.liyang.domain.createenquiry.CreateEnquiryRepository.s
2018-03-06 12:04:29.656 INFO [restartedMain][RepositoryConfigurationExtensionSupport.java:283] - Spring Data Redis - Could not safely identify store assignment for repository candidate interface com.liyang.domain.otherinsureinterestperson.OtherInsureInterestPersonRepository.s
2018-03-06 12:04:29.657 INFO [restartedMain][RepositoryConfigurationExtensionSupport.java:283] - Spring Data Redis - Could not safely identify store assignment for repository candidate interface com.liyang.domain.createenquiry.CreateEnquiryActRepository.s
2018-03-06 12:04:29.657 INFO [restartedMain][RepositoryConfigurationExtensionSupport.java:283] - Spring Data Redis - Could not safely identify store assignment for repository candidate interface com.liyang.domain.departmenttype.DepartmenttypeActRepository.s
2018-03-06 12:04:29.658 INFO [restartedMain][RepositoryConfigurationExtensionSupport.java:283] - Spring Data Redis - Could not safely identify store assignment for repository candidate interface com.liyang.domain.dafengapi.DafengApiCustomerRepository.s
2018-03-06 12:04:29.659 INFO [restartedMain][RepositoryConfigurationExtensionSupport.java:283] - Spring Data Redis - Could not safely identify store assignment for repository candidate interface com.liyang.domain.otherInsure.OtherInsureRepository.s
2018-03-06 12:04:29.659 INFO [restartedMain][RepositoryConfigurationExtensionSupport.java:283] - Spring Data Redis - Could not safely identify store assignment for repository candidate interface com.liyang.domain.perbusinesscard.PerBusinessCardActRepository.s
2018-03-06 12:04:29.660 INFO [restartedMain][RepositoryConfigurationExtensionSupport.java:283] - Spring Data Redis - Could not safely identify store assignment for repository candidate interface com.liyang.domain.myinvite.MyInviteRepository.s
2018-03-06 12:04:29.660 INFO [restartedMain][RepositoryConfigurationExtensionSupport.java:283] - Spring Data Redis - Could not safely identify store assignment for repository candidate interface com.liyang.domain.banner.BannerLogRepository.s
2018-03-06 12:04:29.662 INFO [restartedMain][RepositoryConfigurationExtensionSupport.java:283] - Spring Data Redis - Could not safely identify store assignment for repository candidate interface com.liyang.domain.otherInsure.OtherInsureLogRepository.s
2018-03-06 12:04:29.662 INFO [restartedMain][RepositoryConfigurationExtensionSupport.java:283] - Spring Data Redis - Could not safely identify store assignment for repository candidate interface com.liyang.domain.jiandenonlocalidcard.NonlocalIdcardRepository.s
2018-03-06 12:04:29.662 INFO [restartedMain][RepositoryConfigurationExtensionSupport.java:283] - Spring Data Redis - Could not safely identify store assignment for repository candidate interface com.liyang.domain.perbusinesscard.PerBusinessCardStateRepository.s
2018-03-06 12:04:29.663 INFO [restartedMain][RepositoryConfigurationExtensionSupport.java:283] - Spring Data Redis - Could not safely identify store assignment for repository candidate interface com.liyang.domain.team.TeamRepository.s
2018-03-06 12:04:29.664 INFO [restartedMain][RepositoryConfigurationExtensionSupport.java:283] - Spring Data Redis - Could not safely identify store assignment for repository candidate interface com.liyang.domain.insurercompany.InsureCompanyLogRepository.s
2018-03-06 12:04:29.664 INFO [restartedMain][RepositoryConfigurationExtensionSupport.java:283] - Spring Data Redis - Could not safely identify store assignment for repository candidate interface com.liyang.domain.perbusinesscard.PerBusinessCardRepository.s
2018-03-06 12:04:29.664 INFO [restartedMain][RepositoryConfigurationExtensionSupport.java:283] - Spring Data Redis - Could not safely identify store assignment for repository candidate interface com.liyang.domain.querypayment.QueryPayRepository.s
2018-03-06 12:04:29.665 INFO [restartedMain][RepositoryConfigurationExtensionSupport.java:283] - Spring Data Redis - Could not safely identify store assignment for repository candidate interface com.liyang.domain.customer.CustomerWorkflowRepository.s
2018-03-06 12:04:29.666 INFO [restartedMain][RepositoryConfigurationExtensionSupport.java:283] - Spring Data Redis - Could not safely identify store assignment for repository candidate interface com.liyang.domain.poster.PosterActRepository.s
2018-03-06 12:04:29.667 INFO [restartedMain][RepositoryConfigurationExtensionSupport.java:283] - Spring Data Redis - Could not safely identify store assignment for repository candidate interface com.liyang.domain.submitproposal.SubmitProposalActRepository.s
2018-03-06 12:04:29.668 INFO [restartedMain][RepositoryConfigurationExtensionSupport.java:283] - Spring Data Redis - Could not safely identify store assignment for repository candidate interface com.liyang.domain.insurercompany.InsureCompanyRepository.s
2018-03-06 12:04:29.668 INFO [restartedMain][RepositoryConfigurationExtensionSupport.java:283] - Spring Data Redis - Could not safely identify store assignment for repository candidate interface com.liyang.domain.menu.MenuActRepository.s
2018-03-06 12:04:29.669 INFO [restartedMain][RepositoryConfigurationExtensionSupport.java:283] - Spring Data Redis - Could not safely identify store assignment for repository candidate interface com.liyang.domain.teamadvertise.TeamAdvertiseRepository.s
2018-03-06 12:04:29.669 INFO [restartedMain][RepositoryConfigurationExtensionSupport.java:283] - Spring Data Redis - Could not safely identify store assignment for repository candidate interface com.liyang.domain.teamobjective.TeamObjectiveLogRepository.s
2018-03-06 12:04:29.670 INFO [restartedMain][RepositoryConfigurationExtensionSupport.java:283] - Spring Data Redis - Could not safely identify store assignment for repository candidate interface com.liyang.domain.advertise.AdvertiseStateRepository.s
2018-03-06 12:04:29.671 INFO [restartedMain][RepositoryConfigurationExtensionSupport.java:283] - Spring Data Redis - Could not safely identify store assignment for repository candidate interface com.liyang.domain.advertise.AdvertiseLogRepository.s
2018-03-06 12:04:29.671 INFO [restartedMain][RepositoryConfigurationExtensionSupport.java:283] - Spring Data Redis - Could not safely identify store assignment for repository candidate interface com.liyang.domain.account.AccountRepository.s
2018-03-06 12:04:29.671 INFO [restartedMain][RepositoryConfigurationExtensionSupport.java:283] - Spring Data Redis - Could not safely identify store assignment for repository candidate interface com.liyang.domain.claimPolicyRewards.ClaimPolicyRewardActRepository.s
2018-03-06 12:04:29.672 INFO [restartedMain][RepositoryConfigurationExtensionSupport.java:283] - Spring Data Redis - Could not safely identify store assignment for repository candidate interface com.liyang.domain.customer.CustomerActRepository.s
2018-03-06 12:04:29.673 INFO [restartedMain][RepositoryConfigurationExtensionSupport.java:283] - Spring Data Redis - Could not safely identify store assignment for repository candidate interface com.liyang.domain.createenquiry.CreateEnquiryStateRepository.s
2018-03-06 12:04:29.675 INFO [restartedMain][RepositoryConfigurationExtensionSupport.java:283] - Spring Data Redis - Could not safely identify store assignment for repository candidate interface com.liyang.domain.createenquiry.CreateEnquiryWorkflowRepository.s
2018-03-06 12:04:29.675 INFO [restartedMain][RepositoryConfigurationExtensionSupport.java:283] - Spring Data Redis - Could not safely identify store assignment for repository candidate interface com.liyang.domain.poster.PosterRepository.s
2018-03-06 12:04:29.676 INFO [restartedMain][RepositoryConfigurationExtensionSupport.java:283] - Spring Data Redis - Could not safely identify store assignment for repository candidate interface com.liyang.domain.claimPolicyRewards.ClaimPolicyRewardRepository.s
2018-03-06 12:04:29.677 INFO [restartedMain][RepositoryConfigurationExtensionSupport.java:283] - Spring Data Redis - Could not safely identify store assignment for repository candidate interface com.liyang.domain.journal.JournalActRepository.s
2018-03-06 12:04:29.677 INFO [restartedMain][RepositoryConfigurationExtensionSupport.java:283] - Spring Data Redis - Could not safely identify store assignment for repository candidate interface com.liyang.domain.journal.JournalRepository.s
2018-03-06 12:04:29.678 INFO [restartedMain][RepositoryConfigurationExtensionSupport.java:283] - Spring Data Redis - Could not safely identify store assignment for repository candidate interface com.liyang.domain.customer.CustomerFileRepository.s
2018-03-06 12:04:29.678 INFO [restartedMain][RepositoryConfigurationExtensionSupport.java:283] - Spring Data Redis - Could not safely identify store assignment for repository candidate interface com.liyang.domain.moments.ImageRepository.s
2018-03-06 12:04:29.679 INFO [restartedMain][RepositoryConfigurationExtensionSupport.java:283] - Spring Data Redis - Could not safely identify store assignment for repository candidate interface com.liyang.domain.temporaryresult.TemporaryResultRepository.s
2018-03-06 12:04:29.679 INFO [restartedMain][RepositoryConfigurationExtensionSupport.java:283] - Spring Data Redis - Could not safely identify store assignment for repository candidate interface com.liyang.domain.platform.PlatformRepository.s
2018-03-06 12:04:29.679 INFO [restartedMain][RepositoryConfigurationExtensionSupport.java:283] - Spring Data Redis - Could not safely identify store assignment for repository candidate interface com.liyang.domain.webadvertisetype.WebAdvertiseTypeStateRepository.s
2018-03-06 12:04:29.680 INFO [restartedMain][RepositoryConfigurationExtensionSupport.java:283] - Spring Data Redis - Could not safely identify store assignment for repository candidate interface com.liyang.domain.moments.MomentsActRepository.s
2018-03-06 12:04:29.680 INFO [restartedMain][RepositoryConfigurationExtensionSupport.java:283] - Spring Data Redis - Could not safely identify store assignment for repository candidate interface com.liyang.domain.dafengapi.DafengApiCustomerStateRepository.s
2018-03-06 12:04:29.681 INFO [restartedMain][RepositoryConfigurationExtensionSupport.java:283] - Spring Data Redis - Could not safely identify store assignment for repository candidate interface com.liyang.domain.team.TeamLogRepository.s
2018-03-06 12:04:29.682 INFO [restartedMain][RepositoryConfigurationExtensionSupport.java:283] - Spring Data Redis - Could not safely identify store assignment for repository candidate interface com.liyang.domain.user.UserActRepository.s
2018-03-06 12:04:29.682 INFO [restartedMain][RepositoryConfigurationExtensionSupport.java:283] - Spring Data Redis - Could not safely identify store assignment for repository candidate interface com.liyang.domain.underwritingresult.UnderwritingResultRepository.s
2018-03-06 12:04:29.683 INFO [restartedMain][RepositoryConfigurationExtensionSupport.java:283] - Spring Data Redis - Could not safely identify store assignment for repository candidate interface com.liyang.domain.insurercompany.InsureCompanyActRepository.s
2018-03-06 12:04:29.684 INFO [restartedMain][RepositoryConfigurationExtensionSupport.java:283] - Spring Data Redis - Could not safely identify store assignment for repository candidate interface com.liyang.domain.webadvertisetype.WebAdvertiseTypeLogRepository.s
2018-03-06 12:04:29.684 INFO [restartedMain][RepositoryConfigurationExtensionSupport.java:283] - Spring Data Redis - Could not safely identify store assignment for repository candidate interface com.liyang.domain.teamobjective.TeamObjectiveStateRepository.s
2018-03-06 12:04:29.685 INFO [restartedMain][RepositoryConfigurationExtensionSupport.java:283] - Spring Data Redis - Could not safely identify store assignment for repository candidate interface com.liyang.domain.moments.PersonInfoRepository.s
2018-03-06 12:04:29.686 INFO [restartedMain][RepositoryConfigurationExtensionSupport.java:283] - Spring Data Redis - Could not safely identify store assignment for repository candidate interface com.liyang.domain.customer.CustomerStateRepository.s
2018-03-06 12:04:29.687 INFO [restartedMain][RepositoryConfigurationExtensionSupport.java:283] - Spring Data Redis - Could not safely identify store assignment for repository candidate interface com.liyang.domain.submitproposal.SubmitProposalWorkflowRepository.s
2018-03-06 12:04:29.688 INFO [restartedMain][RepositoryConfigurationExtensionSupport.java:283] - Spring Data Redis - Could not safely identify store assignment for repository candidate interface com.liyang.domain.banner.BannerStateRepository.s
2018-03-06 12:04:29.689 INFO [restartedMain][RepositoryConfigurationExtensionSupport.java:283] - Spring Data Redis - Could not safely identify store assignment for repository candidate interface com.liyang.domain.role.RoleLogRepository.s
2018-03-06 12:04:29.690 INFO [restartedMain][RepositoryConfigurationExtensionSupport.java:283] - Spring Data Redis - Could not safely identify store assignment for repository candidate interface com.liyang.domain.journal.JournalStateRepository.s
2018-03-06 12:04:29.691 INFO [restartedMain][RepositoryConfigurationExtensionSupport.java:283] - Spring Data Redis - Could not safely identify store assignment for repository candidate interface com.liyang.domain.submitproposal.SubmitProposalStateRepository.s
2018-03-06 12:04:29.692 INFO [restartedMain][RepositoryConfigurationExtensionSupport.java:283] - Spring Data Redis - Could not safely identify store assignment for repository candidate interface com.liyang.domain.team.TeamStateRepository.s
2018-03-06 12:04:29.692 INFO [restartedMain][RepositoryConfigurationExtensionSupport.java:283] - Spring Data Redis - Could not safely identify store assignment for repository candidate interface com.liyang.domain.customer.CustomerRepository.s
2018-03-06 12:04:29.693 INFO [restartedMain][RepositoryConfigurationExtensionSupport.java:283] - Spring Data Redis - Could not safely identify store assignment for repository candidate interface com.liyang.domain.productcompany.ProductCompanyStateRepository.s
2018-03-06 12:04:29.693 INFO [restartedMain][RepositoryConfigurationExtensionSupport.java:283] - Spring Data Redis - Could not safely identify store assignment for repository candidate interface com.liyang.domain.teamadvertise.TeamAdvertiseLogRepository.s
2018-03-06 12:04:29.694 INFO [restartedMain][RepositoryConfigurationExtensionSupport.java:283] - Spring Data Redis - Could not safely identify store assignment for repository candidate interface com.liyang.domain.teamadvertise.TeamAdvertiseActRepository.s
2018-03-06 12:04:29.695 INFO [restartedMain][RepositoryConfigurationExtensionSupport.java:283] - Spring Data Redis - Could not safely identify store assignment for repository candidate interface com.liyang.domain.otherInsure.OtherInsureStateRepository.s
2018-03-06 12:04:29.695 INFO [restartedMain][RepositoryConfigurationExtensionSupport.java:283] - Spring Data Redis - Could not safely identify store assignment for repository candidate interface com.liyang.domain.salesman.SalesmanActRepository.s
2018-03-06 12:04:29.696 INFO [restartedMain][RepositoryConfigurationExtensionSupport.java:283] - Spring Data Redis - Could not safely identify store assignment for repository candidate interface com.liyang.domain.timgroup.TIMGroupActRepository.s
2018-03-06 12:04:29.697 INFO [restartedMain][RepositoryConfigurationExtensionSupport.java:283] - Spring Data Redis - Could not safely identify store assignment for repository candidate interface com.liyang.domain.team.TeamActRepository.s
2018-03-06 12:04:29.698 INFO [restartedMain][RepositoryConfigurationExtensionSupport.java:283] - Spring Data Redis - Could not safely identify store assignment for repository candidate interface com.liyang.domain.moments.MomentsLogRepository.s
2018-03-06 12:04:29.699 INFO [restartedMain][RepositoryConfigurationExtensionSupport.java:283] - Spring Data Redis - Could not safely identify store assignment for repository candidate interface com.liyang.domain.webadvertisetype.WebAdvertiseTypeActRepository.s
2018-03-06 12:04:29.701 INFO [restartedMain][RepositoryConfigurationExtensionSupport.java:283] - Spring Data Redis - Could not safely identify store assignment for repository candidate interface com.liyang.domain.teamadvertise.TeamAdvertiseStateRepository.s
2018-03-06 12:04:29.701 INFO [restartedMain][RepositoryConfigurationExtensionSupport.java:283] - Spring Data Redis - Could not safely identify store assignment for repository candidate interface com.liyang.domain.claimmatch.ClaimMatchRepository.s
2018-03-06 12:04:29.702 INFO [restartedMain][RepositoryConfigurationExtensionSupport.java:283] - Spring Data Redis - Could not safely identify store assignment for repository candidate interface com.liyang.domain.product.ProductLogRepository.s
2018-03-06 12:04:29.703 INFO [restartedMain][RepositoryConfigurationExtensionSupport.java:283] - Spring Data Redis - Could not safely identify store assignment for repository candidate interface com.liyang.domain.user.UserLogRepository.s
2018-03-06 12:04:29.703 INFO [restartedMain][RepositoryConfigurationExtensionSupport.java:283] - Spring Data Redis - Could not safely identify store assignment for repository candidate interface com.liyang.domain.offerresult.OfferResultRepository.s
2018-03-06 12:04:29.704 INFO [restartedMain][RepositoryConfigurationExtensionSupport.java:283] - Spring Data Redis - Could not safely identify store assignment for repository candidate interface com.liyang.domain.departmenttype.DepartmenttypeStateRepository.s
2018-03-06 12:04:29.705 INFO [restartedMain][RepositoryConfigurationExtensionSupport.java:283] - Spring Data Redis - Could not safely identify store assignment for repository candidate interface com.liyang.domain.departmenttype.DepartmenttypeRepository.s
2018-03-06 12:04:29.707 INFO [restartedMain][RepositoryConfigurationExtensionSupport.java:283] - Spring Data Redis - Could not safely identify store assignment for repository candidate interface com.liyang.domain.submitproposal.SubmitProposalLogRepository.s
2018-03-06 12:04:29.710 INFO [restartedMain][RepositoryConfigurationExtensionSupport.java:283] - Spring Data Redis - Could not safely identify store assignment for repository candidate interface com.liyang.domain.advertise.AdvertiseRepository.s
2018-03-06 12:04:29.712 INFO [restartedMain][RepositoryConfigurationExtensionSupport.java:283] - Spring Data Redis - Could not safely identify store assignment for repository candidate interface com.liyang.domain.createenquiry.CreateEnquiryFileRepository.s
2018-03-06 12:04:29.713 INFO [restartedMain][RepositoryConfigurationExtensionSupport.java:283] - Spring Data Redis - Could not safely identify store assignment for repository candidate interface com.liyang.domain.poster.PosterLogRepository.s
2018-03-06 12:04:29.714 INFO [restartedMain][RepositoryConfigurationExtensionSupport.java:283] - Spring Data Redis - Could not safely identify store assignment for repository candidate interface com.liyang.domain.user.UserRepository.s
2018-03-06 12:04:29.716 INFO [restartedMain][RepositoryConfigurationExtensionSupport.java:283] - Spring Data Redis - Could not safely identify store assignment for repository candidate interface com.liyang.domain.menu.MenuLogRepository.s
2018-03-06 12:04:29.716 INFO [restartedMain][RepositoryConfigurationExtensionSupport.java:283] - Spring Data Redis - Could not safely identify store assignment for repository candidate interface com.liyang.domain.carModel.CarModelRepository.s
2018-03-06 12:04:30.593 INFO [restartedMain][PostProcessorRegistrationDelegate.java:325] - Bean 'org.springframework.security.config.annotation.configuration.ObjectPostProcessorConfiguration' of type [org.springframework.security.config.annotation.configuration.ObjectPostProcessorConfiguration$$EnhancerBySpringCGLIB$$1fae0248] is not eligible for getting processed by all BeanPostProcessors (for example: not eligible for auto-proxying)s
2018-03-06 12:04:30.872 INFO [restartedMain][PostProcessorRegistrationDelegate.java:325] - Bean 'objectPostProcessor' of type [org.springframework.security.config.annotation.configuration.AutowireBeanFactoryObjectPostProcessor] is not eligible for getting processed by all BeanPostProcessors (for example: not eligible for auto-proxying)s
2018-03-06 12:04:30.876 INFO [restartedMain][PostProcessorRegistrationDelegate.java:325] - Bean 'org.springframework.security.access.expression.method.DefaultMethodSecurityExpressionHandler@39b8263a' of type [org.springframework.security.access.expression.method.DefaultMethodSecurityExpressionHandler] is not eligible for getting processed by all BeanPostProcessors (for example: not eligible for auto-proxying)s
2018-03-06 12:04:30.883 INFO [restartedMain][PostProcessorRegistrationDelegate.java:325] - Bean 'org.springframework.security.config.annotation.method.configuration.GlobalMethodSecurityConfiguration' of type [org.springframework.security.config.annotation.method.configuration.GlobalMethodSecurityConfiguration$$EnhancerBySpringCGLIB$$4482a4fa] is not eligible for getting processed by all BeanPostProcessors (for example: not eligible for auto-proxying)s
2018-03-06 12:04:30.917 INFO [restartedMain][PostProcessorRegistrationDelegate.java:325] - Bean 'methodSecurityMetadataSource' of type [org.springframework.security.access.method.DelegatingMethodSecurityMetadataSource] is not eligible for getting processed by all BeanPostProcessors (for example: not eligible for auto-proxying)s
2018-03-06 12:04:30.930 INFO [restartedMain][PostProcessorRegistrationDelegate.java:325] - Bean 'org.springframework.transaction.annotation.ProxyTransactionManagementConfiguration' of type [org.springframework.transaction.annotation.ProxyTransactionManagementConfiguration$$EnhancerBySpringCGLIB$$87003a0e] is not eligible for getting processed by all BeanPostProcessors (for example: not eligible for auto-proxying)s
2018-03-06 12:04:30.992 INFO [restartedMain][PostProcessorRegistrationDelegate.java:325] - Bean 'redisConfig' of type [com.liyang.config.RedisConfig$$EnhancerBySpringCGLIB$$a2a87c7] is not eligible for getting processed by all BeanPostProcessors (for example: not eligible for auto-proxying)s
2018-03-06 12:04:31.007 INFO [restartedMain][PostProcessorRegistrationDelegate.java:325] - Bean 'org.springframework.cache.annotation.ProxyCachingConfiguration' of type [org.springframework.cache.annotation.ProxyCachingConfiguration$$EnhancerBySpringCGLIB$$d012702c] is not eligible for getting processed by all BeanPostProcessors (for example: not eligible for auto-proxying)s
2018-03-06 12:04:31.856 INFO [restartedMain][TomcatEmbeddedServletContainer.java:89] - Tomcat initialized with port(s): 80 (http)s
2018-03-06 12:04:31.872 INFO [restartedMain][DirectJDKLog.java:179] - Starting service Tomcats
2018-03-06 12:04:31.873 INFO [restartedMain][DirectJDKLog.java:179] - Starting Servlet Engine: Apache Tomcat/8.5.13s
2018-03-06 12:04:32.007 INFO [localhost-startStop-1][DirectJDKLog.java:179] - Initializing Spring embedded WebApplicationContexts
2018-03-06 12:04:32.007 INFO [localhost-startStop-1][EmbeddedWebApplicationContext.java:276] - Root WebApplicationContext: initialization completed in 7997 mss
2018-03-06 12:04:33.520 INFO [localhost-startStop-1][LocalContainerEntityManagerFactoryBean.java:349] - Building JPA container EntityManagerFactory for persistence unit 'default's
2018-03-06 12:04:33.543 INFO [localhost-startStop-1][LogHelper.java:31] - HHH000204: Processing PersistenceUnitInfo [
	name: default
	...]s
2018-03-06 12:04:33.630 INFO [localhost-startStop-1][Version.java:37] - HHH000412: Hibernate Core {5.0.12.Final}s
2018-03-06 12:04:33.633 INFO [localhost-startStop-1][Environment.java:213] - HHH000206: hibernate.properties not founds
2018-03-06 12:04:33.636 INFO [localhost-startStop-1][Environment.java:317] - HHH000021: Bytecode provider name : javassists
2018-03-06 12:04:33.693 INFO [localhost-startStop-1][JavaReflectionManager.java:66] - HCANN000001: Hibernate Commons Annotations {5.0.1.Final}s
2018-03-06 12:04:34.385 INFO [localhost-startStop-1][Dialect.java:156] - HHH000400: Using dialect: org.hibernate.dialect.MySQL5InnoDBDialects
2018-03-06 12:04:38.106 INFO [localhost-startStop-1][SchemaUpdate.java:105] - HHH000228: Running hbm2ddl schema updates
